#! /usr/bin/vvp
:ivl_version "12.0 (stable)";
:ivl_delay_selection "TYPICAL";
:vpi_time_precision - 12;
:vpi_module "/usr/lib/x86_64-linux-gnu/ivl/system.vpi";
:vpi_module "/usr/lib/x86_64-linux-gnu/ivl/vhdl_sys.vpi";
:vpi_module "/usr/lib/x86_64-linux-gnu/ivl/vhdl_textio.vpi";
:vpi_module "/usr/lib/x86_64-linux-gnu/ivl/v2005_math.vpi";
:vpi_module "/usr/lib/x86_64-linux-gnu/ivl/va_math.vpi";
S_0x61641deb4090 .scope module, "tb_control_hora_manual" "tb_control_hora_manual" 2 10;
 .timescale -9 -12;
v0x61641dee7480_0 .var "btn_down", 0 0;
v0x61641dee7540_0 .var "btn_up", 0 0;
v0x61641dee75e0_0 .var "clk", 0 0;
v0x61641dee7680_0 .var "clk_1hz", 0 0;
v0x61641dee7750_0 .net "hh", 4 0, v0x61641dee6da0_0;  1 drivers
v0x61641dee7840_0 .net "mm", 5 0, v0x61641dee6e80_0;  1 drivers
v0x61641dee7910_0 .var "rst", 0 0;
v0x61641dee79e0_0 .net "ss", 5 0, v0x61641dee7020_0;  1 drivers
v0x61641dee7ab0_0 .var "sw", 1 0;
S_0x61641de71490 .scope task, "press_down" "press_down" 2 62, 2 62 0, S_0x61641deb4090;
 .timescale -9 -12;
E_0x61641deab4f0 .event posedge, v0x61641dee6aa0_0;
TD_tb_control_hora_manual.press_down ;
    %pushi/vec4 1, 0, 1;
    %store/vec4 v0x61641dee7480_0, 0, 1;
    %wait E_0x61641deab4f0;
    %pushi/vec4 0, 0, 1;
    %store/vec4 v0x61641dee7480_0, 0, 1;
    %wait E_0x61641deab4f0;
    %end;
S_0x61641de71620 .scope task, "press_up" "press_up" 2 53, 2 53 0, S_0x61641deb4090;
 .timescale -9 -12;
TD_tb_control_hora_manual.press_up ;
    %pushi/vec4 1, 0, 1;
    %store/vec4 v0x61641dee7540_0, 0, 1;
    %wait E_0x61641deab4f0;
    %pushi/vec4 0, 0, 1;
    %store/vec4 v0x61641dee7540_0, 0, 1;
    %wait E_0x61641deab4f0;
    %end;
S_0x61641dec82d0 .scope task, "tick_1hz_pulse" "tick_1hz_pulse" 2 43, 2 43 0, S_0x61641deb4090;
 .timescale -9 -12;
TD_tb_control_hora_manual.tick_1hz_pulse ;
    %pushi/vec4 1, 0, 1;
    %store/vec4 v0x61641dee7680_0, 0, 1;
    %wait E_0x61641deab4f0;
    %pushi/vec4 0, 0, 1;
    %store/vec4 v0x61641dee7680_0, 0, 1;
    %wait E_0x61641deab4f0;
    %end;
S_0x61641dec8460 .scope module, "uut" "control_hora_manual" 2 26, 3 1 0, S_0x61641deb4090;
 .timescale 0 0;
    .port_info 0 /INPUT 1 "clk";
    .port_info 1 /INPUT 1 "clk_1hz";
    .port_info 2 /INPUT 1 "rst";
    .port_info 3 /INPUT 2 "sw";
    .port_info 4 /INPUT 1 "btn_up";
    .port_info 5 /INPUT 1 "btn_down";
    .port_info 6 /OUTPUT 5 "hh";
    .port_info 7 /OUTPUT 6 "mm";
    .port_info 8 /OUTPUT 6 "ss";
L_0x61641de9c3f0 .functor NOT 1, v0x61641de996b0_0, C4<0>, C4<0>, C4<0>;
L_0x61641de9c7b0 .functor AND 1, v0x61641dee7540_0, L_0x61641de9c3f0, C4<1>, C4<1>;
L_0x61641de9a310 .functor NOT 1, v0x61641de99dc0_0, C4<0>, C4<0>, C4<0>;
L_0x61641de9a620 .functor AND 1, v0x61641dee7480_0, L_0x61641de9a310, C4<1>, C4<1>;
L_0x61641de99c60 .functor NOT 1, v0x61641dee6c20_0, C4<0>, C4<0>, C4<0>;
L_0x61641de99f70 .functor AND 1, v0x61641dee7680_0, L_0x61641de99c60, C4<1>, C4<1>;
v0x61641de9c510_0 .net *"_ivl_0", 0 0, L_0x61641de9c3f0;  1 drivers
v0x61641de9c8d0_0 .net *"_ivl_4", 0 0, L_0x61641de9a310;  1 drivers
v0x61641de9a470_0 .net *"_ivl_8", 0 0, L_0x61641de99c60;  1 drivers
v0x61641de9a780_0 .net "btn_down", 0 0, v0x61641dee7480_0;  1 drivers
v0x61641de99dc0_0 .var "btn_down_d", 0 0;
v0x61641de9a0d0_0 .net "btn_up", 0 0, v0x61641dee7540_0;  1 drivers
v0x61641de996b0_0 .var "btn_up_d", 0 0;
v0x61641dee6aa0_0 .net "clk", 0 0, v0x61641dee75e0_0;  1 drivers
v0x61641dee6b60_0 .net "clk_1hz", 0 0, v0x61641dee7680_0;  1 drivers
v0x61641dee6c20_0 .var "clk_1hz_d", 0 0;
v0x61641dee6ce0_0 .net "down_pulse", 0 0, L_0x61641de9a620;  1 drivers
v0x61641dee6da0_0 .var "hh", 4 0;
v0x61641dee6e80_0 .var "mm", 5 0;
v0x61641dee6f60_0 .net "rst", 0 0, v0x61641dee7910_0;  1 drivers
v0x61641dee7020_0 .var "ss", 5 0;
v0x61641dee7100_0 .net "sw", 1 0, v0x61641dee7ab0_0;  1 drivers
v0x61641dee71e0_0 .net "tick_1hz", 0 0, L_0x61641de99f70;  1 drivers
v0x61641dee72a0_0 .net "up_pulse", 0 0, L_0x61641de9c7b0;  1 drivers
E_0x61641deaa2e0 .event posedge, v0x61641dee6f60_0, v0x61641dee6aa0_0;
    .scope S_0x61641dec8460;
T_3 ;
    %wait E_0x61641deab4f0;
    %load/vec4 v0x61641de9a0d0_0;
    %assign/vec4 v0x61641de996b0_0, 0;
    %load/vec4 v0x61641de9a780_0;
    %assign/vec4 v0x61641de99dc0_0, 0;
    %jmp T_3;
    .thread T_3;
    .scope S_0x61641dec8460;
T_4 ;
    %wait E_0x61641deab4f0;
    %load/vec4 v0x61641dee6b60_0;
    %assign/vec4 v0x61641dee6c20_0, 0;
    %jmp T_4;
    .thread T_4;
    .scope S_0x61641dec8460;
T_5 ;
    %wait E_0x61641deaa2e0;
    %load/vec4 v0x61641dee6f60_0;
    %flag_set/vec4 8;
    %jmp/0xz  T_5.0, 8;
    %pushi/vec4 0, 0, 5;
    %assign/vec4 v0x61641dee6da0_0, 0;
    %pushi/vec4 0, 0, 6;
    %assign/vec4 v0x61641dee6e80_0, 0;
    %pushi/vec4 0, 0, 6;
    %assign/vec4 v0x61641dee7020_0, 0;
    %jmp T_5.1;
T_5.0 ;
    %load/vec4 v0x61641dee7100_0;
    %cmpi/e 0, 0, 2;
    %flag_get/vec4 4;
    %jmp/0 T_5.4, 4;
    %load/vec4 v0x61641dee71e0_0;
    %and;
T_5.4;
    %flag_set/vec4 8;
    %jmp/0xz  T_5.2, 8;
    %load/vec4 v0x61641dee7020_0;
    %pad/u 32;
    %cmpi/e 59, 0, 32;
    %jmp/0xz  T_5.5, 4;
    %pushi/vec4 0, 0, 6;
    %assign/vec4 v0x61641dee7020_0, 0;
    %load/vec4 v0x61641dee6e80_0;
    %pad/u 32;
    %cmpi/e 59, 0, 32;
    %jmp/0xz  T_5.7, 4;
    %pushi/vec4 0, 0, 6;
    %assign/vec4 v0x61641dee6e80_0, 0;
    %load/vec4 v0x61641dee6da0_0;
    %pad/u 32;
    %cmpi/e 23, 0, 32;
    %jmp/0xz  T_5.9, 4;
    %pushi/vec4 0, 0, 5;
    %assign/vec4 v0x61641dee6da0_0, 0;
    %jmp T_5.10;
T_5.9 ;
    %load/vec4 v0x61641dee6da0_0;
    %addi 1, 0, 5;
    %assign/vec4 v0x61641dee6da0_0, 0;
T_5.10 ;
    %jmp T_5.8;
T_5.7 ;
    %load/vec4 v0x61641dee6e80_0;
    %addi 1, 0, 6;
    %assign/vec4 v0x61641dee6e80_0, 0;
T_5.8 ;
    %jmp T_5.6;
T_5.5 ;
    %load/vec4 v0x61641dee7020_0;
    %addi 1, 0, 6;
    %assign/vec4 v0x61641dee7020_0, 0;
T_5.6 ;
T_5.2 ;
    %load/vec4 v0x61641dee7100_0;
    %dup/vec4;
    %pushi/vec4 1, 0, 2;
    %cmp/u;
    %jmp/1 T_5.11, 6;
    %dup/vec4;
    %pushi/vec4 2, 0, 2;
    %cmp/u;
    %jmp/1 T_5.12, 6;
    %dup/vec4;
    %pushi/vec4 3, 0, 2;
    %cmp/u;
    %jmp/1 T_5.13, 6;
    %jmp T_5.14;
T_5.11 ;
    %load/vec4 v0x61641dee72a0_0;
    %flag_set/vec4 8;
    %jmp/0xz  T_5.15, 8;
    %load/vec4 v0x61641dee7020_0;
    %pad/u 32;
    %cmpi/e 59, 0, 32;
    %flag_mov 8, 4;
    %jmp/0 T_5.17, 8;
    %pushi/vec4 0, 0, 6;
    %jmp/1 T_5.18, 8;
T_5.17 ; End of true expr.
    %load/vec4 v0x61641dee7020_0;
    %addi 1, 0, 6;
    %jmp/0 T_5.18, 8;
 ; End of false expr.
    %blend;
T_5.18;
    %assign/vec4 v0x61641dee7020_0, 0;
T_5.15 ;
    %load/vec4 v0x61641dee6ce0_0;
    %flag_set/vec4 8;
    %jmp/0xz  T_5.19, 8;
    %load/vec4 v0x61641dee7020_0;
    %pad/u 32;
    %cmpi/e 0, 0, 32;
    %flag_mov 8, 4;
    %jmp/0 T_5.21, 8;
    %pushi/vec4 59, 0, 7;
    %jmp/1 T_5.22, 8;
T_5.21 ; End of true expr.
    %load/vec4 v0x61641dee7020_0;
    %pad/u 7;
    %subi 1, 0, 7;
    %jmp/0 T_5.22, 8;
 ; End of false expr.
    %blend;
T_5.22;
    %pad/u 6;
    %assign/vec4 v0x61641dee7020_0, 0;
T_5.19 ;
    %jmp T_5.14;
T_5.12 ;
    %load/vec4 v0x61641dee72a0_0;
    %flag_set/vec4 8;
    %jmp/0xz  T_5.23, 8;
    %load/vec4 v0x61641dee6e80_0;
    %pad/u 32;
    %cmpi/e 59, 0, 32;
    %flag_mov 8, 4;
    %jmp/0 T_5.25, 8;
    %pushi/vec4 0, 0, 6;
    %jmp/1 T_5.26, 8;
T_5.25 ; End of true expr.
    %load/vec4 v0x61641dee6e80_0;
    %addi 1, 0, 6;
    %jmp/0 T_5.26, 8;
 ; End of false expr.
    %blend;
T_5.26;
    %assign/vec4 v0x61641dee6e80_0, 0;
T_5.23 ;
    %load/vec4 v0x61641dee6ce0_0;
    %flag_set/vec4 8;
    %jmp/0xz  T_5.27, 8;
    %load/vec4 v0x61641dee6e80_0;
    %pad/u 32;
    %cmpi/e 0, 0, 32;
    %flag_mov 8, 4;
    %jmp/0 T_5.29, 8;
    %pushi/vec4 59, 0, 7;
    %jmp/1 T_5.30, 8;
T_5.29 ; End of true expr.
    %load/vec4 v0x61641dee6e80_0;
    %pad/u 7;
    %subi 1, 0, 7;
    %jmp/0 T_5.30, 8;
 ; End of false expr.
    %blend;
T_5.30;
    %pad/u 6;
    %assign/vec4 v0x61641dee6e80_0, 0;
T_5.27 ;
    %jmp T_5.14;
T_5.13 ;
    %load/vec4 v0x61641dee72a0_0;
    %flag_set/vec4 8;
    %jmp/0xz  T_5.31, 8;
    %load/vec4 v0x61641dee6da0_0;
    %pad/u 32;
    %cmpi/e 23, 0, 32;
    %flag_mov 8, 4;
    %jmp/0 T_5.33, 8;
    %pushi/vec4 0, 0, 5;
    %jmp/1 T_5.34, 8;
T_5.33 ; End of true expr.
    %load/vec4 v0x61641dee6da0_0;
    %addi 1, 0, 5;
    %jmp/0 T_5.34, 8;
 ; End of false expr.
    %blend;
T_5.34;
    %assign/vec4 v0x61641dee6da0_0, 0;
T_5.31 ;
    %load/vec4 v0x61641dee6ce0_0;
    %flag_set/vec4 8;
    %jmp/0xz  T_5.35, 8;
    %load/vec4 v0x61641dee6da0_0;
    %pad/u 32;
    %cmpi/e 0, 0, 32;
    %flag_mov 8, 4;
    %jmp/0 T_5.37, 8;
    %pushi/vec4 23, 0, 6;
    %jmp/1 T_5.38, 8;
T_5.37 ; End of true expr.
    %load/vec4 v0x61641dee6da0_0;
    %pad/u 6;
    %subi 1, 0, 6;
    %jmp/0 T_5.38, 8;
 ; End of false expr.
    %blend;
T_5.38;
    %pad/u 5;
    %assign/vec4 v0x61641dee6da0_0, 0;
T_5.35 ;
    %jmp T_5.14;
T_5.14 ;
    %pop/vec4 1;
T_5.1 ;
    %jmp T_5;
    .thread T_5;
    .scope S_0x61641deb4090;
T_6 ;
    %pushi/vec4 0, 0, 1;
    %store/vec4 v0x61641dee75e0_0, 0, 1;
    %end;
    .thread T_6;
    .scope S_0x61641deb4090;
T_7 ;
    %delay 5000, 0;
    %load/vec4 v0x61641dee75e0_0;
    %inv;
    %store/vec4 v0x61641dee75e0_0, 0, 1;
    %jmp T_7;
    .thread T_7;
    .scope S_0x61641deb4090;
T_8 ;
    %vpi_call 2 73 "$display", "=== TEST: control_hora_manual ===" {0 0 0};
    %pushi/vec4 1, 0, 1;
    %store/vec4 v0x61641dee7910_0, 0, 1;
    %pushi/vec4 0, 0, 1;
    %store/vec4 v0x61641dee7680_0, 0, 1;
    %pushi/vec4 0, 0, 2;
    %store/vec4 v0x61641dee7ab0_0, 0, 2;
    %pushi/vec4 0, 0, 1;
    %store/vec4 v0x61641dee7540_0, 0, 1;
    %pushi/vec4 0, 0, 1;
    %store/vec4 v0x61641dee7480_0, 0, 1;
    %pushi/vec4 5, 0, 32;
T_8.0 %dup/vec4;
    %pushi/vec4 0, 0, 32;
    %cmp/s;
    %jmp/1xz T_8.1, 5;
    %jmp/1 T_8.1, 4;
    %pushi/vec4 1, 0, 32;
    %sub;
    %wait E_0x61641deab4f0;
    %jmp T_8.0;
T_8.1 ;
    %pop/vec4 1;
    %pushi/vec4 0, 0, 1;
    %store/vec4 v0x61641dee7910_0, 0, 1;
    %vpi_call 2 83 "$display", "[%0t] Reset liberado. hh=%0d mm=%0d ss=%0d", $time, v0x61641dee7750_0, v0x61641dee7840_0, v0x61641dee79e0_0 {0 0 0};
    %vpi_call 2 86 "$display", "[%0t] Test 1: Conteo autom\303\241tico (sw=00)", $time {0 0 0};
    %pushi/vec4 0, 0, 2;
    %store/vec4 v0x61641dee7ab0_0, 0, 2;
    %pushi/vec4 3, 0, 32;
T_8.2 %dup/vec4;
    %pushi/vec4 0, 0, 32;
    %cmp/s;
    %jmp/1xz T_8.3, 5;
    %jmp/1 T_8.3, 4;
    %pushi/vec4 1, 0, 32;
    %sub;
    %fork TD_tb_control_hora_manual.tick_1hz_pulse, S_0x61641dec82d0;
    %join;
    %jmp T_8.2;
T_8.3 ;
    %pop/vec4 1;
    %pushi/vec4 5, 0, 32;
T_8.4 %dup/vec4;
    %pushi/vec4 0, 0, 32;
    %cmp/s;
    %jmp/1xz T_8.5, 5;
    %jmp/1 T_8.5, 4;
    %pushi/vec4 1, 0, 32;
    %sub;
    %wait E_0x61641deab4f0;
    %jmp T_8.4;
T_8.5 ;
    %pop/vec4 1;
    %load/vec4 v0x61641dee79e0_0;
    %pad/u 32;
    %cmpi/e 3, 0, 32;
    %jmp/0xz  T_8.6, 4;
    %vpi_call 2 92 "$display", "PASS: ss=%0d tras 3 ticks (esperado 3)", v0x61641dee79e0_0 {0 0 0};
    %jmp T_8.7;
T_8.6 ;
    %vpi_call 2 94 "$display", "FAIL: ss=%0d (esperado 3)", v0x61641dee79e0_0 {0 0 0};
T_8.7 ;
    %vpi_call 2 97 "$display", "[%0t] Test 2: Rollover ss\342\206\222mm", $time {0 0 0};
    %pushi/vec4 1, 0, 1;
    %store/vec4 v0x61641dee7910_0, 0, 1;
    %wait E_0x61641deab4f0;
    %pushi/vec4 0, 0, 1;
    %store/vec4 v0x61641dee7910_0, 0, 1;
    %pushi/vec4 0, 0, 2;
    %store/vec4 v0x61641dee7ab0_0, 0, 2;
    %pushi/vec4 59, 0, 32;
T_8.8 %dup/vec4;
    %pushi/vec4 0, 0, 32;
    %cmp/s;
    %jmp/1xz T_8.9, 5;
    %jmp/1 T_8.9, 4;
    %pushi/vec4 1, 0, 32;
    %sub;
    %fork TD_tb_control_hora_manual.tick_1hz_pulse, S_0x61641dec82d0;
    %join;
    %jmp T_8.8;
T_8.9 ;
    %pop/vec4 1;
    %pushi/vec4 5, 0, 32;
T_8.10 %dup/vec4;
    %pushi/vec4 0, 0, 32;
    %cmp/s;
    %jmp/1xz T_8.11, 5;
    %jmp/1 T_8.11, 4;
    %pushi/vec4 1, 0, 32;
    %sub;
    %wait E_0x61641deab4f0;
    %jmp T_8.10;
T_8.11 ;
    %pop/vec4 1;
    %load/vec4 v0x61641dee79e0_0;
    %pad/u 32;
    %cmpi/e 59, 0, 32;
    %flag_get/vec4 4;
    %jmp/0 T_8.14, 4;
    %load/vec4 v0x61641dee7840_0;
    %pad/u 32;
    %pushi/vec4 0, 0, 32;
    %cmp/e;
    %flag_get/vec4 4;
    %and;
T_8.14;
    %flag_set/vec4 8;
    %jmp/0xz  T_8.12, 8;
    %vpi_call 2 103 "$display", "INFO: ss=59 antes del rollover OK" {0 0 0};
T_8.12 ;
    %fork TD_tb_control_hora_manual.tick_1hz_pulse, S_0x61641dec82d0;
    %join;
    %pushi/vec4 5, 0, 32;
T_8.15 %dup/vec4;
    %pushi/vec4 0, 0, 32;
    %cmp/s;
    %jmp/1xz T_8.16, 5;
    %jmp/1 T_8.16, 4;
    %pushi/vec4 1, 0, 32;
    %sub;
    %wait E_0x61641deab4f0;
    %jmp T_8.15;
T_8.16 ;
    %pop/vec4 1;
    %load/vec4 v0x61641dee79e0_0;
    %pad/u 32;
    %cmpi/e 0, 0, 32;
    %flag_get/vec4 4;
    %jmp/0 T_8.19, 4;
    %load/vec4 v0x61641dee7840_0;
    %pad/u 32;
    %pushi/vec4 1, 0, 32;
    %cmp/e;
    %flag_get/vec4 4;
    %and;
T_8.19;
    %flag_set/vec4 8;
    %jmp/0xz  T_8.17, 8;
    %vpi_call 2 108 "$display", "PASS: Rollover ss\342\206\222mm correcto (ss=%0d mm=%0d)", v0x61641dee79e0_0, v0x61641dee7840_0 {0 0 0};
    %jmp T_8.18;
T_8.17 ;
    %vpi_call 2 110 "$display", "FAIL: Rollover fallido (ss=%0d mm=%0d)", v0x61641dee79e0_0, v0x61641dee7840_0 {0 0 0};
T_8.18 ;
    %vpi_call 2 113 "$display", "[%0t] Test 3: Edici\303\263n de ss con btn_up (sw=01)", $time {0 0 0};
    %pushi/vec4 1, 0, 1;
    %store/vec4 v0x61641dee7910_0, 0, 1;
    %wait E_0x61641deab4f0;
    %pushi/vec4 0, 0, 1;
    %store/vec4 v0x61641dee7910_0, 0, 1;
    %pushi/vec4 1, 0, 2;
    %store/vec4 v0x61641dee7ab0_0, 0, 2;
    %fork TD_tb_control_hora_manual.press_up, S_0x61641de71620;
    %join;
    %fork TD_tb_control_hora_manual.press_up, S_0x61641de71620;
    %join;
    %fork TD_tb_control_hora_manual.press_up, S_0x61641de71620;
    %join;
    %pushi/vec4 5, 0, 32;
T_8.20 %dup/vec4;
    %pushi/vec4 0, 0, 32;
    %cmp/s;
    %jmp/1xz T_8.21, 5;
    %jmp/1 T_8.21, 4;
    %pushi/vec4 1, 0, 32;
    %sub;
    %wait E_0x61641deab4f0;
    %jmp T_8.20;
T_8.21 ;
    %pop/vec4 1;
    %load/vec4 v0x61641dee79e0_0;
    %pad/u 32;
    %cmpi/e 3, 0, 32;
    %jmp/0xz  T_8.22, 4;
    %vpi_call 2 121 "$display", "PASS: ss=%0d tras 3 btn_up (esperado 3)", v0x61641dee79e0_0 {0 0 0};
    %jmp T_8.23;
T_8.22 ;
    %vpi_call 2 123 "$display", "FAIL: ss=%0d (esperado 3)", v0x61641dee79e0_0 {0 0 0};
T_8.23 ;
    %vpi_call 2 126 "$display", "[%0t] Test 4: Edici\303\263n de mm con btn_down (sw=10)", $time {0 0 0};
    %pushi/vec4 1, 0, 1;
    %store/vec4 v0x61641dee7910_0, 0, 1;
    %wait E_0x61641deab4f0;
    %pushi/vec4 0, 0, 1;
    %store/vec4 v0x61641dee7910_0, 0, 1;
    %pushi/vec4 2, 0, 2;
    %store/vec4 v0x61641dee7ab0_0, 0, 2;
    %pushi/vec4 59, 0, 32;
T_8.24 %dup/vec4;
    %pushi/vec4 0, 0, 32;
    %cmp/s;
    %jmp/1xz T_8.25, 5;
    %jmp/1 T_8.25, 4;
    %pushi/vec4 1, 0, 32;
    %sub;
    %fork TD_tb_control_hora_manual.press_up, S_0x61641de71620;
    %join;
    %jmp T_8.24;
T_8.25 ;
    %pop/vec4 1;
    %pushi/vec4 5, 0, 32;
T_8.26 %dup/vec4;
    %pushi/vec4 0, 0, 32;
    %cmp/s;
    %jmp/1xz T_8.27, 5;
    %jmp/1 T_8.27, 4;
    %pushi/vec4 1, 0, 32;
    %sub;
    %wait E_0x61641deab4f0;
    %jmp T_8.26;
T_8.27 ;
    %pop/vec4 1;
    %load/vec4 v0x61641dee7840_0;
    %pad/u 32;
    %cmpi/e 59, 0, 32;
    %jmp/0xz  T_8.28, 4;
    %vpi_call 2 133 "$display", "INFO: mm=59 OK antes de rollover btn_up" {0 0 0};
T_8.28 ;
    %fork TD_tb_control_hora_manual.press_up, S_0x61641de71620;
    %join;
    %pushi/vec4 5, 0, 32;
T_8.30 %dup/vec4;
    %pushi/vec4 0, 0, 32;
    %cmp/s;
    %jmp/1xz T_8.31, 5;
    %jmp/1 T_8.31, 4;
    %pushi/vec4 1, 0, 32;
    %sub;
    %wait E_0x61641deab4f0;
    %jmp T_8.30;
T_8.31 ;
    %pop/vec4 1;
    %load/vec4 v0x61641dee7840_0;
    %pad/u 32;
    %cmpi/e 0, 0, 32;
    %jmp/0xz  T_8.32, 4;
    %vpi_call 2 137 "$display", "PASS: Rollover mm=59\342\206\2220 con btn_up correcto" {0 0 0};
    %jmp T_8.33;
T_8.32 ;
    %vpi_call 2 139 "$display", "FAIL: mm=%0d (esperado 0)", v0x61641dee7840_0 {0 0 0};
T_8.33 ;
    %vpi_call 2 142 "$display", "[%0t] Test 5: Edici\303\263n de hh (sw=11)", $time {0 0 0};
    %pushi/vec4 1, 0, 1;
    %store/vec4 v0x61641dee7910_0, 0, 1;
    %wait E_0x61641deab4f0;
    %pushi/vec4 0, 0, 1;
    %store/vec4 v0x61641dee7910_0, 0, 1;
    %pushi/vec4 3, 0, 2;
    %store/vec4 v0x61641dee7ab0_0, 0, 2;
    %fork TD_tb_control_hora_manual.press_up, S_0x61641de71620;
    %join;
    %fork TD_tb_control_hora_manual.press_up, S_0x61641de71620;
    %join;
    %pushi/vec4 5, 0, 32;
T_8.34 %dup/vec4;
    %pushi/vec4 0, 0, 32;
    %cmp/s;
    %jmp/1xz T_8.35, 5;
    %jmp/1 T_8.35, 4;
    %pushi/vec4 1, 0, 32;
    %sub;
    %wait E_0x61641deab4f0;
    %jmp T_8.34;
T_8.35 ;
    %pop/vec4 1;
    %load/vec4 v0x61641dee7750_0;
    %pad/u 32;
    %cmpi/e 2, 0, 32;
    %jmp/0xz  T_8.36, 4;
    %vpi_call 2 149 "$display", "PASS: hh=%0d tras 2 btn_up (esperado 2)", v0x61641dee7750_0 {0 0 0};
    %jmp T_8.37;
T_8.36 ;
    %vpi_call 2 151 "$display", "FAIL: hh=%0d (esperado 2)", v0x61641dee7750_0 {0 0 0};
T_8.37 ;
    %fork TD_tb_control_hora_manual.press_down, S_0x61641de71490;
    %join;
    %pushi/vec4 5, 0, 32;
T_8.38 %dup/vec4;
    %pushi/vec4 0, 0, 32;
    %cmp/s;
    %jmp/1xz T_8.39, 5;
    %jmp/1 T_8.39, 4;
    %pushi/vec4 1, 0, 32;
    %sub;
    %wait E_0x61641deab4f0;
    %jmp T_8.38;
T_8.39 ;
    %pop/vec4 1;
    %load/vec4 v0x61641dee7750_0;
    %pad/u 32;
    %cmpi/e 1, 0, 32;
    %jmp/0xz  T_8.40, 4;
    %vpi_call 2 156 "$display", "PASS: hh=%0d tras btn_down (esperado 1)", v0x61641dee7750_0 {0 0 0};
    %jmp T_8.41;
T_8.40 ;
    %vpi_call 2 158 "$display", "FAIL: hh=%0d (esperado 1)", v0x61641dee7750_0 {0 0 0};
T_8.41 ;
    %vpi_call 2 160 "$display", "=== FIN TEST: control_hora_manual ===" {0 0 0};
    %vpi_call 2 161 "$finish" {0 0 0};
    %end;
    .thread T_8;
# The file index is used to find the file name in the following table.
:file_names 4;
    "N/A";
    "<interactive>";
    "tb_control_hora_manual.v";
    "../rtl/control_hora_manual.v";
