#! /usr/bin/vvp
:ivl_version "12.0 (stable)";
:ivl_delay_selection "TYPICAL";
:vpi_time_precision - 12;
:vpi_module "/usr/lib/x86_64-linux-gnu/ivl/system.vpi";
:vpi_module "/usr/lib/x86_64-linux-gnu/ivl/vhdl_sys.vpi";
:vpi_module "/usr/lib/x86_64-linux-gnu/ivl/vhdl_textio.vpi";
:vpi_module "/usr/lib/x86_64-linux-gnu/ivl/v2005_math.vpi";
:vpi_module "/usr/lib/x86_64-linux-gnu/ivl/va_math.vpi";
S_0x5dbd57e838f0 .scope module, "tb_debouncer" "tb_debouncer" 2 10;
 .timescale -9 -12;
v0x5dbd57e766e0_0 .var "clk", 0 0;
v0x5dbd57ea1610_0 .var "rst", 0 0;
v0x5dbd57ea16b0_0 .net "signal_clean", 0 0, v0x5dbd57e734e0_0;  1 drivers
v0x5dbd57ea1750_0 .var "signal_in", 0 0;
E_0x5dbd57e496c0 .event posedge, v0x5dbd57e6fd30_0;
S_0x5dbd57e83a80 .scope module, "uut" "debouncer" 2 21, 3 23 0, S_0x5dbd57e838f0;
 .timescale -9 -12;
    .port_info 0 /INPUT 1 "clk";
    .port_info 1 /INPUT 1 "rst";
    .port_info 2 /INPUT 1 "signal_in";
    .port_info 3 /OUTPUT 1 "signal_clean";
v0x5dbd57e6fd30_0 .net "clk", 0 0, v0x5dbd57e766e0_0;  1 drivers
v0x5dbd57e713b0_0 .var "counter", 15 0;
v0x5dbd57e71dc0_0 .net "rst", 0 0, v0x5dbd57ea1610_0;  1 drivers
v0x5dbd57e734e0_0 .var "signal_clean", 0 0;
v0x5dbd57e743b0_0 .net "signal_in", 0 0, v0x5dbd57ea1750_0;  1 drivers
E_0x5dbd57e81500 .event posedge, v0x5dbd57e71dc0_0, v0x5dbd57e6fd30_0;
    .scope S_0x5dbd57e83a80;
T_0 ;
    %wait E_0x5dbd57e81500;
    %load/vec4 v0x5dbd57e71dc0_0;
    %flag_set/vec4 8;
    %jmp/0xz  T_0.0, 8;
    %pushi/vec4 0, 0, 16;
    %assign/vec4 v0x5dbd57e713b0_0, 0;
    %pushi/vec4 0, 0, 1;
    %assign/vec4 v0x5dbd57e734e0_0, 0;
    %jmp T_0.1;
T_0.0 ;
    %load/vec4 v0x5dbd57e743b0_0;
    %load/vec4 v0x5dbd57e734e0_0;
    %cmp/ne;
    %jmp/0xz  T_0.2, 4;
    %load/vec4 v0x5dbd57e713b0_0;
    %addi 1, 0, 16;
    %assign/vec4 v0x5dbd57e713b0_0, 0;
    %load/vec4 v0x5dbd57e713b0_0;
    %cmpi/e 65535, 0, 16;
    %jmp/0xz  T_0.4, 4;
    %load/vec4 v0x5dbd57e743b0_0;
    %assign/vec4 v0x5dbd57e734e0_0, 0;
    %pushi/vec4 0, 0, 16;
    %assign/vec4 v0x5dbd57e713b0_0, 0;
T_0.4 ;
    %jmp T_0.3;
T_0.2 ;
    %pushi/vec4 0, 0, 16;
    %assign/vec4 v0x5dbd57e713b0_0, 0;
T_0.3 ;
T_0.1 ;
    %jmp T_0;
    .thread T_0;
    .scope S_0x5dbd57e838f0;
T_1 ;
    %pushi/vec4 0, 0, 1;
    %store/vec4 v0x5dbd57e766e0_0, 0, 1;
    %end;
    .thread T_1;
    .scope S_0x5dbd57e838f0;
T_2 ;
    %delay 5000, 0;
    %load/vec4 v0x5dbd57e766e0_0;
    %inv;
    %store/vec4 v0x5dbd57e766e0_0, 0, 1;
    %jmp T_2;
    .thread T_2;
    .scope S_0x5dbd57e838f0;
T_3 ;
    %vpi_call 2 34 "$display", "=== TEST: debouncer ===" {0 0 0};
    %pushi/vec4 1, 0, 1;
    %store/vec4 v0x5dbd57ea1610_0, 0, 1;
    %pushi/vec4 0, 0, 1;
    %store/vec4 v0x5dbd57ea1750_0, 0, 1;
    %pushi/vec4 5, 0, 32;
T_3.0 %dup/vec4;
    %pushi/vec4 0, 0, 32;
    %cmp/s;
    %jmp/1xz T_3.1, 5;
    %jmp/1 T_3.1, 4;
    %pushi/vec4 1, 0, 32;
    %sub;
    %wait E_0x5dbd57e496c0;
    %jmp T_3.0;
T_3.1 ;
    %pop/vec4 1;
    %pushi/vec4 0, 0, 1;
    %store/vec4 v0x5dbd57ea1610_0, 0, 1;
    %vpi_call 2 40 "$display", "[%0t] Reset liberado. signal_clean inicial = %b", $time, v0x5dbd57ea16b0_0 {0 0 0};
    %vpi_call 2 43 "$display", "[%0t] Test 1: Pulso corto de 10 ciclos (rebote)", $time {0 0 0};
    %pushi/vec4 1, 0, 1;
    %store/vec4 v0x5dbd57ea1750_0, 0, 1;
    %pushi/vec4 10, 0, 32;
T_3.2 %dup/vec4;
    %pushi/vec4 0, 0, 32;
    %cmp/s;
    %jmp/1xz T_3.3, 5;
    %jmp/1 T_3.3, 4;
    %pushi/vec4 1, 0, 32;
    %sub;
    %wait E_0x5dbd57e496c0;
    %jmp T_3.2;
T_3.3 ;
    %pop/vec4 1;
    %pushi/vec4 0, 0, 1;
    %store/vec4 v0x5dbd57ea1750_0, 0, 1;
    %pushi/vec4 10, 0, 32;
T_3.4 %dup/vec4;
    %pushi/vec4 0, 0, 32;
    %cmp/s;
    %jmp/1xz T_3.5, 5;
    %jmp/1 T_3.5, 4;
    %pushi/vec4 1, 0, 32;
    %sub;
    %wait E_0x5dbd57e496c0;
    %jmp T_3.4;
T_3.5 ;
    %pop/vec4 1;
    %load/vec4 v0x5dbd57ea16b0_0;
    %cmpi/e 0, 0, 1;
    %jmp/0xz  T_3.6, 6;
    %vpi_call 2 50 "$display", "PASS: Pulso corto no propagado (debounce correcto)" {0 0 0};
    %jmp T_3.7;
T_3.6 ;
    %vpi_call 2 52 "$display", "FAIL: Pulso corto propagado incorrectamente" {0 0 0};
T_3.7 ;
    %vpi_call 2 55 "$display", "[%0t] Test 2: Se\303\261al estable durante 0xFFFF+10 ciclos", $time {0 0 0};
    %pushi/vec4 1, 0, 1;
    %store/vec4 v0x5dbd57ea1750_0, 0, 1;
    %pushi/vec4 65545, 0, 32;
T_3.8 %dup/vec4;
    %pushi/vec4 0, 0, 32;
    %cmp/u;
    %jmp/1 T_3.9, 4;
    %pushi/vec4 1, 0, 32;
    %sub;
    %wait E_0x5dbd57e496c0;
    %jmp T_3.8;
T_3.9 ;
    %pop/vec4 1;
    %load/vec4 v0x5dbd57ea16b0_0;
    %cmpi/e 1, 0, 1;
    %jmp/0xz  T_3.10, 6;
    %vpi_call 2 60 "$display", "PASS: Se\303\261al estable propagada correctamente" {0 0 0};
    %jmp T_3.11;
T_3.10 ;
    %vpi_call 2 62 "$display", "FAIL: Se\303\261al estable no fue propagada" {0 0 0};
T_3.11 ;
    %vpi_call 2 65 "$display", "[%0t] Test 3: Bajar se\303\261al estable", $time {0 0 0};
    %pushi/vec4 0, 0, 1;
    %store/vec4 v0x5dbd57ea1750_0, 0, 1;
    %pushi/vec4 65545, 0, 32;
T_3.12 %dup/vec4;
    %pushi/vec4 0, 0, 32;
    %cmp/u;
    %jmp/1 T_3.13, 4;
    %pushi/vec4 1, 0, 32;
    %sub;
    %wait E_0x5dbd57e496c0;
    %jmp T_3.12;
T_3.13 ;
    %pop/vec4 1;
    %load/vec4 v0x5dbd57ea16b0_0;
    %cmpi/e 0, 0, 1;
    %jmp/0xz  T_3.14, 6;
    %vpi_call 2 70 "$display", "PASS: Bajada de se\303\261al propagada correctamente" {0 0 0};
    %jmp T_3.15;
T_3.14 ;
    %vpi_call 2 72 "$display", "FAIL: Bajada no propagada" {0 0 0};
T_3.15 ;
    %pushi/vec4 1, 0, 1;
    %store/vec4 v0x5dbd57ea1750_0, 0, 1;
    %pushi/vec4 100, 0, 32;
T_3.16 %dup/vec4;
    %pushi/vec4 0, 0, 32;
    %cmp/s;
    %jmp/1xz T_3.17, 5;
    %jmp/1 T_3.17, 4;
    %pushi/vec4 1, 0, 32;
    %sub;
    %wait E_0x5dbd57e496c0;
    %jmp T_3.16;
T_3.17 ;
    %pop/vec4 1;
    %pushi/vec4 1, 0, 1;
    %store/vec4 v0x5dbd57ea1610_0, 0, 1;
    %wait E_0x5dbd57e496c0;
    %load/vec4 v0x5dbd57ea16b0_0;
    %cmpi/e 0, 0, 1;
    %jmp/0xz  T_3.18, 6;
    %vpi_call 2 80 "$display", "PASS: Reset limpia signal_clean" {0 0 0};
    %jmp T_3.19;
T_3.18 ;
    %vpi_call 2 82 "$display", "FAIL: Reset no limpi\303\263 signal_clean" {0 0 0};
T_3.19 ;
    %vpi_call 2 84 "$display", "=== FIN TEST: debouncer ===" {0 0 0};
    %vpi_call 2 85 "$finish" {0 0 0};
    %end;
    .thread T_3;
# The file index is used to find the file name in the following table.
:file_names 4;
    "N/A";
    "<interactive>";
    "tb_debouncer.v";
    "../rtl/debouncer.v";
