#! /usr/bin/vvp
:ivl_version "12.0 (stable)";
:ivl_delay_selection "TYPICAL";
:vpi_time_precision - 12;
:vpi_module "/usr/lib/x86_64-linux-gnu/ivl/system.vpi";
:vpi_module "/usr/lib/x86_64-linux-gnu/ivl/vhdl_sys.vpi";
:vpi_module "/usr/lib/x86_64-linux-gnu/ivl/vhdl_textio.vpi";
:vpi_module "/usr/lib/x86_64-linux-gnu/ivl/v2005_math.vpi";
:vpi_module "/usr/lib/x86_64-linux-gnu/ivl/va_math.vpi";
S_0x582b5fcd9dc0 .scope module, "tb_display_7seg" "tb_display_7seg" 2 10;
 .timescale -9 -12;
P_0x582b5fccda20 .param/l "CYCLES_PER_SEL" 1 2 45, +C4<00000000000000000100000000000000>;
v0x582b5fd0a110_0 .net "an", 7 0, v0x582b5fd08fb0_0;  1 drivers
v0x582b5fd0a1f0_0 .var "blink", 0 0;
v0x582b5fd0a290_0 .var "clk", 0 0;
v0x582b5fd0a330_0 .var "hh", 4 0;
v0x582b5fd0a3d0_0 .var "mm", 5 0;
v0x582b5fd0a470_0 .var "rst", 0 0;
v0x582b5fd0a510_0 .net "seg", 6 0, v0x582b5fd09ab0_0;  1 drivers
v0x582b5fd0a5e0_0 .var "ss", 5 0;
v0x582b5fd0a6b0_0 .var "sw", 1 0;
E_0x582b5fccd980 .event posedge, v0x582b5fd09230_0;
S_0x582b5fcd9f50 .scope module, "uut" "display_7seg" 2 26, 3 3 0, S_0x582b5fcd9dc0;
 .timescale -9 -12;
    .port_info 0 /INPUT 1 "clk";
    .port_info 1 /INPUT 1 "rst";
    .port_info 2 /INPUT 5 "hh";
    .port_info 3 /INPUT 6 "mm";
    .port_info 4 /INPUT 6 "ss";
    .port_info 5 /INPUT 2 "sw";
    .port_info 6 /INPUT 1 "blink";
    .port_info 7 /OUTPUT 7 "seg";
    .port_info 8 /OUTPUT 8 "an";
v0x582b5fcc9db0_0 .net *"_ivl_0", 31 0, L_0x582b5fd0a780;  1 drivers
v0x582b5fccb000_0 .net *"_ivl_10", 31 0, L_0x582b5fd1ab40;  1 drivers
L_0x754b9b6ce0a8 .functor BUFT 1, C4<000000000000000000000000000>, C4<0>, C4<0>, C4<0>;
v0x582b5fce3c40_0 .net *"_ivl_13", 26 0, L_0x754b9b6ce0a8;  1 drivers
L_0x754b9b6ce0f0 .functor BUFT 1, C4<00000000000000000000000000001010>, C4<0>, C4<0>, C4<0>;
v0x582b5fce5a30_0 .net/2u *"_ivl_14", 31 0, L_0x754b9b6ce0f0;  1 drivers
v0x582b5fce5d50_0 .net *"_ivl_16", 31 0, L_0x582b5fd1ac90;  1 drivers
v0x582b5fd07f10_0 .net *"_ivl_20", 31 0, L_0x582b5fd1af30;  1 drivers
L_0x754b9b6ce138 .functor BUFT 1, C4<00000000000000000000000000>, C4<0>, C4<0>, C4<0>;
v0x582b5fd07ff0_0 .net *"_ivl_23", 25 0, L_0x754b9b6ce138;  1 drivers
L_0x754b9b6ce180 .functor BUFT 1, C4<00000000000000000000000000001010>, C4<0>, C4<0>, C4<0>;
v0x582b5fd080d0_0 .net/2u *"_ivl_24", 31 0, L_0x754b9b6ce180;  1 drivers
v0x582b5fd081b0_0 .net *"_ivl_26", 31 0, L_0x582b5fd1b0c0;  1 drivers
L_0x754b9b6ce018 .functor BUFT 1, C4<000000000000000000000000000>, C4<0>, C4<0>, C4<0>;
v0x582b5fd08290_0 .net *"_ivl_3", 26 0, L_0x754b9b6ce018;  1 drivers
v0x582b5fd08370_0 .net *"_ivl_30", 31 0, L_0x582b5fd1b340;  1 drivers
L_0x754b9b6ce1c8 .functor BUFT 1, C4<00000000000000000000000000>, C4<0>, C4<0>, C4<0>;
v0x582b5fd08450_0 .net *"_ivl_33", 25 0, L_0x754b9b6ce1c8;  1 drivers
L_0x754b9b6ce210 .functor BUFT 1, C4<00000000000000000000000000001010>, C4<0>, C4<0>, C4<0>;
v0x582b5fd08530_0 .net/2u *"_ivl_34", 31 0, L_0x754b9b6ce210;  1 drivers
v0x582b5fd08610_0 .net *"_ivl_36", 31 0, L_0x582b5fd1b440;  1 drivers
L_0x754b9b6ce060 .functor BUFT 1, C4<00000000000000000000000000001010>, C4<0>, C4<0>, C4<0>;
v0x582b5fd086f0_0 .net/2u *"_ivl_4", 31 0, L_0x754b9b6ce060;  1 drivers
v0x582b5fd087d0_0 .net *"_ivl_40", 31 0, L_0x582b5fd1b6e0;  1 drivers
L_0x754b9b6ce258 .functor BUFT 1, C4<00000000000000000000000000>, C4<0>, C4<0>, C4<0>;
v0x582b5fd088b0_0 .net *"_ivl_43", 25 0, L_0x754b9b6ce258;  1 drivers
L_0x754b9b6ce2a0 .functor BUFT 1, C4<00000000000000000000000000001010>, C4<0>, C4<0>, C4<0>;
v0x582b5fd08990_0 .net/2u *"_ivl_44", 31 0, L_0x754b9b6ce2a0;  1 drivers
v0x582b5fd08a70_0 .net *"_ivl_46", 31 0, L_0x582b5fd1b820;  1 drivers
v0x582b5fd08b50_0 .net *"_ivl_50", 31 0, L_0x582b5fd1ba80;  1 drivers
L_0x754b9b6ce2e8 .functor BUFT 1, C4<00000000000000000000000000>, C4<0>, C4<0>, C4<0>;
v0x582b5fd08c30_0 .net *"_ivl_53", 25 0, L_0x754b9b6ce2e8;  1 drivers
L_0x754b9b6ce330 .functor BUFT 1, C4<00000000000000000000000000001010>, C4<0>, C4<0>, C4<0>;
v0x582b5fd08d10_0 .net/2u *"_ivl_54", 31 0, L_0x754b9b6ce330;  1 drivers
v0x582b5fd08df0_0 .net *"_ivl_56", 31 0, L_0x582b5fd1bc00;  1 drivers
v0x582b5fd08ed0_0 .net *"_ivl_6", 31 0, L_0x582b5fd1a8e0;  1 drivers
v0x582b5fd08fb0_0 .var "an", 7 0;
v0x582b5fd09090_0 .var "an_temp", 7 0;
v0x582b5fd09170_0 .net "blink", 0 0, v0x582b5fd0a1f0_0;  1 drivers
v0x582b5fd09230_0 .net "clk", 0 0, v0x582b5fd0a290_0;  1 drivers
v0x582b5fd092f0_0 .var "digit", 3 0;
v0x582b5fd093d0_0 .net "hh", 4 0, v0x582b5fd0a330_0;  1 drivers
v0x582b5fd094b0_0 .net "hh_t", 3 0, L_0x582b5fd1aa50;  1 drivers
v0x582b5fd09590_0 .net "hh_u", 3 0, L_0x582b5fd1ae00;  1 drivers
v0x582b5fd09670_0 .net "mm", 5 0, v0x582b5fd0a3d0_0;  1 drivers
v0x582b5fd09750_0 .net "mm_t", 3 0, L_0x582b5fd1b250;  1 drivers
v0x582b5fd09830_0 .net "mm_u", 3 0, L_0x582b5fd1b580;  1 drivers
v0x582b5fd09910_0 .var "refresh", 16 0;
v0x582b5fd099f0_0 .net "rst", 0 0, v0x582b5fd0a470_0;  1 drivers
v0x582b5fd09ab0_0 .var "seg", 6 0;
v0x582b5fd09b90_0 .net "sel", 2 0, L_0x582b5fd1bed0;  1 drivers
v0x582b5fd09c70_0 .net "ss", 5 0, v0x582b5fd0a5e0_0;  1 drivers
v0x582b5fd09d50_0 .net "ss_t", 3 0, L_0x582b5fd1b990;  1 drivers
v0x582b5fd09e30_0 .net "ss_u", 3 0, L_0x582b5fd1bd40;  1 drivers
v0x582b5fd09f10_0 .net "sw", 1 0, v0x582b5fd0a6b0_0;  1 drivers
E_0x582b5fcd0740 .event anyedge, v0x582b5fd09090_0;
E_0x582b5fcd0da0 .event anyedge, v0x582b5fd092f0_0;
E_0x582b5fccde10/0 .event anyedge, v0x582b5fd09b90_0, v0x582b5fd09e30_0, v0x582b5fd09f10_0, v0x582b5fd09170_0;
E_0x582b5fccde10/1 .event anyedge, v0x582b5fd09d50_0, v0x582b5fd09830_0, v0x582b5fd09750_0, v0x582b5fd09590_0;
E_0x582b5fccde10/2 .event anyedge, v0x582b5fd094b0_0;
E_0x582b5fccde10 .event/or E_0x582b5fccde10/0, E_0x582b5fccde10/1, E_0x582b5fccde10/2;
E_0x582b5fcb81f0 .event posedge, v0x582b5fd099f0_0, v0x582b5fd09230_0;
L_0x582b5fd0a780 .concat [ 5 27 0 0], v0x582b5fd0a330_0, L_0x754b9b6ce018;
L_0x582b5fd1a8e0 .arith/div 32, L_0x582b5fd0a780, L_0x754b9b6ce060;
L_0x582b5fd1aa50 .part L_0x582b5fd1a8e0, 0, 4;
L_0x582b5fd1ab40 .concat [ 5 27 0 0], v0x582b5fd0a330_0, L_0x754b9b6ce0a8;
L_0x582b5fd1ac90 .arith/mod 32, L_0x582b5fd1ab40, L_0x754b9b6ce0f0;
L_0x582b5fd1ae00 .part L_0x582b5fd1ac90, 0, 4;
L_0x582b5fd1af30 .concat [ 6 26 0 0], v0x582b5fd0a3d0_0, L_0x754b9b6ce138;
L_0x582b5fd1b0c0 .arith/div 32, L_0x582b5fd1af30, L_0x754b9b6ce180;
L_0x582b5fd1b250 .part L_0x582b5fd1b0c0, 0, 4;
L_0x582b5fd1b340 .concat [ 6 26 0 0], v0x582b5fd0a3d0_0, L_0x754b9b6ce1c8;
L_0x582b5fd1b440 .arith/mod 32, L_0x582b5fd1b340, L_0x754b9b6ce210;
L_0x582b5fd1b580 .part L_0x582b5fd1b440, 0, 4;
L_0x582b5fd1b6e0 .concat [ 6 26 0 0], v0x582b5fd0a5e0_0, L_0x754b9b6ce258;
L_0x582b5fd1b820 .arith/div 32, L_0x582b5fd1b6e0, L_0x754b9b6ce2a0;
L_0x582b5fd1b990 .part L_0x582b5fd1b820, 0, 4;
L_0x582b5fd1ba80 .concat [ 6 26 0 0], v0x582b5fd0a5e0_0, L_0x754b9b6ce2e8;
L_0x582b5fd1bc00 .arith/mod 32, L_0x582b5fd1ba80, L_0x754b9b6ce330;
L_0x582b5fd1bd40 .part L_0x582b5fd1bc00, 0, 4;
L_0x582b5fd1bed0 .part v0x582b5fd09910_0, 14, 3;
    .scope S_0x582b5fcd9f50;
T_0 ;
    %wait E_0x582b5fcb81f0;
    %load/vec4 v0x582b5fd099f0_0;
    %flag_set/vec4 8;
    %jmp/0xz  T_0.0, 8;
    %pushi/vec4 0, 0, 17;
    %assign/vec4 v0x582b5fd09910_0, 0;
    %jmp T_0.1;
T_0.0 ;
    %load/vec4 v0x582b5fd09910_0;
    %addi 1, 0, 17;
    %assign/vec4 v0x582b5fd09910_0, 0;
T_0.1 ;
    %jmp T_0;
    .thread T_0;
    .scope S_0x582b5fcd9f50;
T_1 ;
    %wait E_0x582b5fccde10;
    %load/vec4 v0x582b5fd09b90_0;
    %dup/vec4;
    %pushi/vec4 0, 0, 3;
    %cmp/u;
    %jmp/1 T_1.0, 6;
    %dup/vec4;
    %pushi/vec4 1, 0, 3;
    %cmp/u;
    %jmp/1 T_1.1, 6;
    %dup/vec4;
    %pushi/vec4 2, 0, 3;
    %cmp/u;
    %jmp/1 T_1.2, 6;
    %dup/vec4;
    %pushi/vec4 3, 0, 3;
    %cmp/u;
    %jmp/1 T_1.3, 6;
    %dup/vec4;
    %pushi/vec4 4, 0, 3;
    %cmp/u;
    %jmp/1 T_1.4, 6;
    %dup/vec4;
    %pushi/vec4 5, 0, 3;
    %cmp/u;
    %jmp/1 T_1.5, 6;
    %pushi/vec4 0, 0, 4;
    %store/vec4 v0x582b5fd092f0_0, 0, 4;
    %pushi/vec4 255, 0, 8;
    %store/vec4 v0x582b5fd09090_0, 0, 8;
    %jmp T_1.7;
T_1.0 ;
    %load/vec4 v0x582b5fd09e30_0;
    %store/vec4 v0x582b5fd092f0_0, 0, 4;
    %load/vec4 v0x582b5fd09f10_0;
    %cmpi/e 1, 0, 2;
    %flag_get/vec4 4;
    %jmp/0 T_1.10, 4;
    %load/vec4 v0x582b5fd09170_0;
    %nor/r;
    %and;
T_1.10;
    %flag_set/vec4 8;
    %jmp/0 T_1.8, 8;
    %pushi/vec4 255, 0, 8;
    %jmp/1 T_1.9, 8;
T_1.8 ; End of true expr.
    %pushi/vec4 254, 0, 8;
    %jmp/0 T_1.9, 8;
 ; End of false expr.
    %blend;
T_1.9;
    %store/vec4 v0x582b5fd09090_0, 0, 8;
    %jmp T_1.7;
T_1.1 ;
    %load/vec4 v0x582b5fd09d50_0;
    %store/vec4 v0x582b5fd092f0_0, 0, 4;
    %load/vec4 v0x582b5fd09f10_0;
    %cmpi/e 1, 0, 2;
    %flag_get/vec4 4;
    %jmp/0 T_1.13, 4;
    %load/vec4 v0x582b5fd09170_0;
    %nor/r;
    %and;
T_1.13;
    %flag_set/vec4 8;
    %jmp/0 T_1.11, 8;
    %pushi/vec4 255, 0, 8;
    %jmp/1 T_1.12, 8;
T_1.11 ; End of true expr.
    %pushi/vec4 253, 0, 8;
    %jmp/0 T_1.12, 8;
 ; End of false expr.
    %blend;
T_1.12;
    %store/vec4 v0x582b5fd09090_0, 0, 8;
    %jmp T_1.7;
T_1.2 ;
    %load/vec4 v0x582b5fd09830_0;
    %store/vec4 v0x582b5fd092f0_0, 0, 4;
    %load/vec4 v0x582b5fd09f10_0;
    %cmpi/e 2, 0, 2;
    %flag_get/vec4 4;
    %jmp/0 T_1.16, 4;
    %load/vec4 v0x582b5fd09170_0;
    %nor/r;
    %and;
T_1.16;
    %flag_set/vec4 8;
    %jmp/0 T_1.14, 8;
    %pushi/vec4 255, 0, 8;
    %jmp/1 T_1.15, 8;
T_1.14 ; End of true expr.
    %pushi/vec4 251, 0, 8;
    %jmp/0 T_1.15, 8;
 ; End of false expr.
    %blend;
T_1.15;
    %store/vec4 v0x582b5fd09090_0, 0, 8;
    %jmp T_1.7;
T_1.3 ;
    %load/vec4 v0x582b5fd09750_0;
    %store/vec4 v0x582b5fd092f0_0, 0, 4;
    %load/vec4 v0x582b5fd09f10_0;
    %cmpi/e 2, 0, 2;
    %flag_get/vec4 4;
    %jmp/0 T_1.19, 4;
    %load/vec4 v0x582b5fd09170_0;
    %nor/r;
    %and;
T_1.19;
    %flag_set/vec4 8;
    %jmp/0 T_1.17, 8;
    %pushi/vec4 255, 0, 8;
    %jmp/1 T_1.18, 8;
T_1.17 ; End of true expr.
    %pushi/vec4 247, 0, 8;
    %jmp/0 T_1.18, 8;
 ; End of false expr.
    %blend;
T_1.18;
    %store/vec4 v0x582b5fd09090_0, 0, 8;
    %jmp T_1.7;
T_1.4 ;
    %load/vec4 v0x582b5fd09590_0;
    %store/vec4 v0x582b5fd092f0_0, 0, 4;
    %load/vec4 v0x582b5fd09f10_0;
    %cmpi/e 3, 0, 2;
    %flag_get/vec4 4;
    %jmp/0 T_1.22, 4;
    %load/vec4 v0x582b5fd09170_0;
    %nor/r;
    %and;
T_1.22;
    %flag_set/vec4 8;
    %jmp/0 T_1.20, 8;
    %pushi/vec4 255, 0, 8;
    %jmp/1 T_1.21, 8;
T_1.20 ; End of true expr.
    %pushi/vec4 239, 0, 8;
    %jmp/0 T_1.21, 8;
 ; End of false expr.
    %blend;
T_1.21;
    %store/vec4 v0x582b5fd09090_0, 0, 8;
    %jmp T_1.7;
T_1.5 ;
    %load/vec4 v0x582b5fd094b0_0;
    %store/vec4 v0x582b5fd092f0_0, 0, 4;
    %load/vec4 v0x582b5fd09f10_0;
    %cmpi/e 3, 0, 2;
    %flag_get/vec4 4;
    %jmp/0 T_1.25, 4;
    %load/vec4 v0x582b5fd09170_0;
    %nor/r;
    %and;
T_1.25;
    %flag_set/vec4 8;
    %jmp/0 T_1.23, 8;
    %pushi/vec4 255, 0, 8;
    %jmp/1 T_1.24, 8;
T_1.23 ; End of true expr.
    %pushi/vec4 223, 0, 8;
    %jmp/0 T_1.24, 8;
 ; End of false expr.
    %blend;
T_1.24;
    %store/vec4 v0x582b5fd09090_0, 0, 8;
    %jmp T_1.7;
T_1.7 ;
    %pop/vec4 1;
    %jmp T_1;
    .thread T_1, $push;
    .scope S_0x582b5fcd9f50;
T_2 ;
    %wait E_0x582b5fcd0da0;
    %load/vec4 v0x582b5fd092f0_0;
    %dup/vec4;
    %pushi/vec4 0, 0, 4;
    %cmp/u;
    %jmp/1 T_2.0, 6;
    %dup/vec4;
    %pushi/vec4 1, 0, 4;
    %cmp/u;
    %jmp/1 T_2.1, 6;
    %dup/vec4;
    %pushi/vec4 2, 0, 4;
    %cmp/u;
    %jmp/1 T_2.2, 6;
    %dup/vec4;
    %pushi/vec4 3, 0, 4;
    %cmp/u;
    %jmp/1 T_2.3, 6;
    %dup/vec4;
    %pushi/vec4 4, 0, 4;
    %cmp/u;
    %jmp/1 T_2.4, 6;
    %dup/vec4;
    %pushi/vec4 5, 0, 4;
    %cmp/u;
    %jmp/1 T_2.5, 6;
    %dup/vec4;
    %pushi/vec4 6, 0, 4;
    %cmp/u;
    %jmp/1 T_2.6, 6;
    %dup/vec4;
    %pushi/vec4 7, 0, 4;
    %cmp/u;
    %jmp/1 T_2.7, 6;
    %dup/vec4;
    %pushi/vec4 8, 0, 4;
    %cmp/u;
    %jmp/1 T_2.8, 6;
    %dup/vec4;
    %pushi/vec4 9, 0, 4;
    %cmp/u;
    %jmp/1 T_2.9, 6;
    %pushi/vec4 127, 0, 7;
    %store/vec4 v0x582b5fd09ab0_0, 0, 7;
    %jmp T_2.11;
T_2.0 ;
    %pushi/vec4 64, 0, 7;
    %store/vec4 v0x582b5fd09ab0_0, 0, 7;
    %jmp T_2.11;
T_2.1 ;
    %pushi/vec4 121, 0, 7;
    %store/vec4 v0x582b5fd09ab0_0, 0, 7;
    %jmp T_2.11;
T_2.2 ;
    %pushi/vec4 36, 0, 7;
    %store/vec4 v0x582b5fd09ab0_0, 0, 7;
    %jmp T_2.11;
T_2.3 ;
    %pushi/vec4 48, 0, 7;
    %store/vec4 v0x582b5fd09ab0_0, 0, 7;
    %jmp T_2.11;
T_2.4 ;
    %pushi/vec4 25, 0, 7;
    %store/vec4 v0x582b5fd09ab0_0, 0, 7;
    %jmp T_2.11;
T_2.5 ;
    %pushi/vec4 18, 0, 7;
    %store/vec4 v0x582b5fd09ab0_0, 0, 7;
    %jmp T_2.11;
T_2.6 ;
    %pushi/vec4 2, 0, 7;
    %store/vec4 v0x582b5fd09ab0_0, 0, 7;
    %jmp T_2.11;
T_2.7 ;
    %pushi/vec4 120, 0, 7;
    %store/vec4 v0x582b5fd09ab0_0, 0, 7;
    %jmp T_2.11;
T_2.8 ;
    %pushi/vec4 0, 0, 7;
    %store/vec4 v0x582b5fd09ab0_0, 0, 7;
    %jmp T_2.11;
T_2.9 ;
    %pushi/vec4 16, 0, 7;
    %store/vec4 v0x582b5fd09ab0_0, 0, 7;
    %jmp T_2.11;
T_2.11 ;
    %pop/vec4 1;
    %jmp T_2;
    .thread T_2, $push;
    .scope S_0x582b5fcd9f50;
T_3 ;
    %wait E_0x582b5fcd0740;
    %load/vec4 v0x582b5fd09090_0;
    %store/vec4 v0x582b5fd08fb0_0, 0, 8;
    %jmp T_3;
    .thread T_3, $push;
    .scope S_0x582b5fcd9dc0;
T_4 ;
    %pushi/vec4 0, 0, 1;
    %store/vec4 v0x582b5fd0a290_0, 0, 1;
    %end;
    .thread T_4;
    .scope S_0x582b5fcd9dc0;
T_5 ;
    %delay 5000, 0;
    %load/vec4 v0x582b5fd0a290_0;
    %inv;
    %store/vec4 v0x582b5fd0a290_0, 0, 1;
    %jmp T_5;
    .thread T_5;
    .scope S_0x582b5fcd9dc0;
T_6 ;
    %vpi_call 2 50 "$display", "=== TEST: display_7seg ===" {0 0 0};
    %pushi/vec4 1, 0, 1;
    %store/vec4 v0x582b5fd0a470_0, 0, 1;
    %pushi/vec4 12, 0, 5;
    %store/vec4 v0x582b5fd0a330_0, 0, 5;
    %pushi/vec4 34, 0, 6;
    %store/vec4 v0x582b5fd0a3d0_0, 0, 6;
    %pushi/vec4 56, 0, 6;
    %store/vec4 v0x582b5fd0a5e0_0, 0, 6;
    %pushi/vec4 0, 0, 2;
    %store/vec4 v0x582b5fd0a6b0_0, 0, 2;
    %pushi/vec4 1, 0, 1;
    %store/vec4 v0x582b5fd0a1f0_0, 0, 1;
    %pushi/vec4 5, 0, 32;
T_6.0 %dup/vec4;
    %pushi/vec4 0, 0, 32;
    %cmp/s;
    %jmp/1xz T_6.1, 5;
    %jmp/1 T_6.1, 4;
    %pushi/vec4 1, 0, 32;
    %sub;
    %wait E_0x582b5fccd980;
    %jmp T_6.0;
T_6.1 ;
    %pop/vec4 1;
    %pushi/vec4 0, 0, 1;
    %store/vec4 v0x582b5fd0a470_0, 0, 1;
    %vpi_call 2 61 "$display", "[%0t] Reset liberado. hh=12 mm=34 ss=56", $time {0 0 0};
    %pushi/vec4 16384, 0, 32;
T_6.2 %dup/vec4;
    %pushi/vec4 0, 0, 32;
    %cmp/s;
    %jmp/1xz T_6.3, 5;
    %jmp/1 T_6.3, 4;
    %pushi/vec4 1, 0, 32;
    %sub;
    %wait E_0x582b5fccd980;
    %jmp T_6.2;
T_6.3 ;
    %pop/vec4 1;
    %vpi_call 2 65 "$display", "[%0t] Test 1: an=0x%02X seg=0x%02X", $time, v0x582b5fd0a110_0, v0x582b5fd0a510_0 {0 0 0};
    %load/vec4 v0x582b5fd0a110_0;
    %cmpi/ne 255, 0, 8;
    %jmp/0xz  T_6.4, 6;
    %vpi_call 2 67 "$display", "PASS: Alg\303\272n display activo (an != 0xFF)" {0 0 0};
    %jmp T_6.5;
T_6.4 ;
    %vpi_call 2 69 "$display", "FAIL: Todos los displays apagados" {0 0 0};
T_6.5 ;
    %load/vec4 v0x582b5fd0a510_0;
    %cmpi/ne 127, 0, 7;
    %jmp/0xz  T_6.6, 6;
    %vpi_call 2 73 "$display", "PASS: seg tiene patr\303\263n v\303\241lido (seg=0x%02X)", v0x582b5fd0a510_0 {0 0 0};
    %jmp T_6.7;
T_6.6 ;
    %vpi_call 2 75 "$display", "FAIL: seg=0x7F indica d\303\255gito inv\303\241lido" {0 0 0};
T_6.7 ;
    %vpi_call 2 78 "$display", "[%0t] Test 3: Modo edici\303\263n ss (sw=01, blink=0)", $time {0 0 0};
    %pushi/vec4 1, 0, 2;
    %store/vec4 v0x582b5fd0a6b0_0, 0, 2;
    %pushi/vec4 0, 0, 1;
    %store/vec4 v0x582b5fd0a1f0_0, 0, 1;
    %pushi/vec4 32768, 0, 32;
T_6.8 %dup/vec4;
    %pushi/vec4 0, 0, 32;
    %cmp/s;
    %jmp/1xz T_6.9, 5;
    %jmp/1 T_6.9, 4;
    %pushi/vec4 1, 0, 32;
    %sub;
    %wait E_0x582b5fccd980;
    %jmp T_6.8;
T_6.9 ;
    %pop/vec4 1;
    %vpi_call 2 84 "$display", "[%0t] an=0x%02X (en modo edici\303\263n ss, blink=0 deber\303\255a ser 0xFF)", $time, v0x582b5fd0a110_0 {0 0 0};
    %vpi_call 2 88 "$display", "INFO: an=0x%02X seg=0x%02X", v0x582b5fd0a110_0, v0x582b5fd0a510_0 {0 0 0};
    %vpi_call 2 91 "$display", "[%0t] Test 4: Reset", $time {0 0 0};
    %pushi/vec4 1, 0, 1;
    %store/vec4 v0x582b5fd0a470_0, 0, 1;
    %pushi/vec4 3, 0, 32;
T_6.10 %dup/vec4;
    %pushi/vec4 0, 0, 32;
    %cmp/s;
    %jmp/1xz T_6.11, 5;
    %jmp/1 T_6.11, 4;
    %pushi/vec4 1, 0, 32;
    %sub;
    %wait E_0x582b5fccd980;
    %jmp T_6.10;
T_6.11 ;
    %pop/vec4 1;
    %pushi/vec4 0, 0, 1;
    %store/vec4 v0x582b5fd0a470_0, 0, 1;
    %wait E_0x582b5fccd980;
    %vpi_call 2 96 "$display", "PASS: Reset ejecutado sin errores" {0 0 0};
    %vpi_call 2 100 "$display", "[%0t] Test 5: Decodificaci\303\263n d\303\255gito 0", $time {0 0 0};
    %pushi/vec4 0, 0, 5;
    %store/vec4 v0x582b5fd0a330_0, 0, 5;
    %pushi/vec4 0, 0, 6;
    %store/vec4 v0x582b5fd0a3d0_0, 0, 6;
    %pushi/vec4 0, 0, 6;
    %store/vec4 v0x582b5fd0a5e0_0, 0, 6;
    %pushi/vec4 0, 0, 2;
    %store/vec4 v0x582b5fd0a6b0_0, 0, 2;
    %pushi/vec4 1, 0, 1;
    %store/vec4 v0x582b5fd0a1f0_0, 0, 1;
    %pushi/vec4 16384, 0, 32;
T_6.12 %dup/vec4;
    %pushi/vec4 0, 0, 32;
    %cmp/s;
    %jmp/1xz T_6.13, 5;
    %jmp/1 T_6.13, 4;
    %pushi/vec4 1, 0, 32;
    %sub;
    %wait E_0x582b5fccd980;
    %jmp T_6.12;
T_6.13 ;
    %pop/vec4 1;
    %load/vec4 v0x582b5fd0a510_0;
    %cmpi/e 64, 0, 7;
    %jmp/0xz  T_6.14, 6;
    %vpi_call 2 106 "$display", "PASS: Patr\303\263n del d\303\255gito 0 correcto (seg=0x%02X)", v0x582b5fd0a510_0 {0 0 0};
    %jmp T_6.15;
T_6.14 ;
    %vpi_call 2 108 "$display", "INFO: seg=0x%02X (puede estar en otro d\303\255gito del mux)", v0x582b5fd0a510_0 {0 0 0};
T_6.15 ;
    %vpi_call 2 110 "$display", "=== FIN TEST: display_7seg ===" {0 0 0};
    %vpi_call 2 111 "$finish" {0 0 0};
    %end;
    .thread T_6;
# The file index is used to find the file name in the following table.
:file_names 4;
    "N/A";
    "<interactive>";
    "tb_display_7seg.v";
    "../rtl/display_7seg.v";
