#! /usr/bin/vvp
:ivl_version "12.0 (stable)";
:ivl_delay_selection "TYPICAL";
:vpi_time_precision - 12;
:vpi_module "/usr/lib/x86_64-linux-gnu/ivl/system.vpi";
:vpi_module "/usr/lib/x86_64-linux-gnu/ivl/vhdl_sys.vpi";
:vpi_module "/usr/lib/x86_64-linux-gnu/ivl/vhdl_textio.vpi";
:vpi_module "/usr/lib/x86_64-linux-gnu/ivl/v2005_math.vpi";
:vpi_module "/usr/lib/x86_64-linux-gnu/ivl/va_math.vpi";
S_0x63cffeb21450 .scope module, "tb_font_rom" "tb_font_rom" 2 10;
 .timescale -9 -12;
v0x63cffeb4c720_0 .var "addr", 7 0;
v0x63cffeb4c7e0_0 .net "data", 7 0, v0x63cffeb4c5e0_0;  1 drivers
S_0x63cffeb215e0 .scope task, "check_addr" "check_addr" 2 25, 2 25 0, S_0x63cffeb21450;
 .timescale -9 -12;
v0x63cffeb217c0_0 .var "a", 7 0;
v0x63cffeb4c1c0_0 .var "expected", 7 0;
TD_tb_font_rom.check_addr ;
    %load/vec4 v0x63cffeb217c0_0;
    %store/vec4 v0x63cffeb4c720_0, 0, 8;
    %delay 10000, 0;
    %load/vec4 v0x63cffeb4c7e0_0;
    %load/vec4 v0x63cffeb4c1c0_0;
    %cmp/e;
    %jmp/0xz  T_0.0, 6;
    %vpi_call 2 32 "$display", "PASS: addr=0x%02X \342\206\222 data=0x%02X", v0x63cffeb217c0_0, v0x63cffeb4c7e0_0 {0 0 0};
    %jmp T_0.1;
T_0.0 ;
    %vpi_call 2 34 "$display", "FAIL: addr=0x%02X \342\206\222 data=0x%02X (esperado 0x%02X)", v0x63cffeb217c0_0, v0x63cffeb4c7e0_0, v0x63cffeb4c1c0_0 {0 0 0};
T_0.1 ;
    %end;
S_0x63cffeb4c2a0 .scope module, "uut" "font_rom" 2 19, 3 28 0, S_0x63cffeb21450;
 .timescale -9 -12;
    .port_info 0 /INPUT 8 "addr";
    .port_info 1 /OUTPUT 8 "data";
v0x63cffeb4c4e0_0 .net "addr", 7 0, v0x63cffeb4c720_0;  1 drivers
v0x63cffeb4c5e0_0 .var "data", 7 0;
E_0x63cffeacaa50 .event anyedge, v0x63cffeb4c4e0_0;
    .scope S_0x63cffeb4c2a0;
T_1 ;
    %wait E_0x63cffeacaa50;
    %load/vec4 v0x63cffeb4c4e0_0;
    %dup/vec4;
    %pushi/vec4 0, 0, 8;
    %cmp/u;
    %jmp/1 T_1.0, 6;
    %dup/vec4;
    %pushi/vec4 1, 0, 8;
    %cmp/u;
    %jmp/1 T_1.1, 6;
    %dup/vec4;
    %pushi/vec4 2, 0, 8;
    %cmp/u;
    %jmp/1 T_1.2, 6;
    %dup/vec4;
    %pushi/vec4 3, 0, 8;
    %cmp/u;
    %jmp/1 T_1.3, 6;
    %dup/vec4;
    %pushi/vec4 4, 0, 8;
    %cmp/u;
    %jmp/1 T_1.4, 6;
    %dup/vec4;
    %pushi/vec4 5, 0, 8;
    %cmp/u;
    %jmp/1 T_1.5, 6;
    %dup/vec4;
    %pushi/vec4 6, 0, 8;
    %cmp/u;
    %jmp/1 T_1.6, 6;
    %dup/vec4;
    %pushi/vec4 7, 0, 8;
    %cmp/u;
    %jmp/1 T_1.7, 6;
    %dup/vec4;
    %pushi/vec4 8, 0, 8;
    %cmp/u;
    %jmp/1 T_1.8, 6;
    %dup/vec4;
    %pushi/vec4 9, 0, 8;
    %cmp/u;
    %jmp/1 T_1.9, 6;
    %dup/vec4;
    %pushi/vec4 10, 0, 8;
    %cmp/u;
    %jmp/1 T_1.10, 6;
    %dup/vec4;
    %pushi/vec4 11, 0, 8;
    %cmp/u;
    %jmp/1 T_1.11, 6;
    %dup/vec4;
    %pushi/vec4 12, 0, 8;
    %cmp/u;
    %jmp/1 T_1.12, 6;
    %dup/vec4;
    %pushi/vec4 13, 0, 8;
    %cmp/u;
    %jmp/1 T_1.13, 6;
    %dup/vec4;
    %pushi/vec4 14, 0, 8;
    %cmp/u;
    %jmp/1 T_1.14, 6;
    %dup/vec4;
    %pushi/vec4 15, 0, 8;
    %cmp/u;
    %jmp/1 T_1.15, 6;
    %dup/vec4;
    %pushi/vec4 16, 0, 8;
    %cmp/u;
    %jmp/1 T_1.16, 6;
    %dup/vec4;
    %pushi/vec4 17, 0, 8;
    %cmp/u;
    %jmp/1 T_1.17, 6;
    %dup/vec4;
    %pushi/vec4 18, 0, 8;
    %cmp/u;
    %jmp/1 T_1.18, 6;
    %dup/vec4;
    %pushi/vec4 19, 0, 8;
    %cmp/u;
    %jmp/1 T_1.19, 6;
    %dup/vec4;
    %pushi/vec4 20, 0, 8;
    %cmp/u;
    %jmp/1 T_1.20, 6;
    %dup/vec4;
    %pushi/vec4 21, 0, 8;
    %cmp/u;
    %jmp/1 T_1.21, 6;
    %dup/vec4;
    %pushi/vec4 22, 0, 8;
    %cmp/u;
    %jmp/1 T_1.22, 6;
    %dup/vec4;
    %pushi/vec4 23, 0, 8;
    %cmp/u;
    %jmp/1 T_1.23, 6;
    %dup/vec4;
    %pushi/vec4 24, 0, 8;
    %cmp/u;
    %jmp/1 T_1.24, 6;
    %dup/vec4;
    %pushi/vec4 25, 0, 8;
    %cmp/u;
    %jmp/1 T_1.25, 6;
    %dup/vec4;
    %pushi/vec4 26, 0, 8;
    %cmp/u;
    %jmp/1 T_1.26, 6;
    %dup/vec4;
    %pushi/vec4 27, 0, 8;
    %cmp/u;
    %jmp/1 T_1.27, 6;
    %dup/vec4;
    %pushi/vec4 28, 0, 8;
    %cmp/u;
    %jmp/1 T_1.28, 6;
    %dup/vec4;
    %pushi/vec4 29, 0, 8;
    %cmp/u;
    %jmp/1 T_1.29, 6;
    %dup/vec4;
    %pushi/vec4 30, 0, 8;
    %cmp/u;
    %jmp/1 T_1.30, 6;
    %dup/vec4;
    %pushi/vec4 31, 0, 8;
    %cmp/u;
    %jmp/1 T_1.31, 6;
    %dup/vec4;
    %pushi/vec4 32, 0, 8;
    %cmp/u;
    %jmp/1 T_1.32, 6;
    %dup/vec4;
    %pushi/vec4 33, 0, 8;
    %cmp/u;
    %jmp/1 T_1.33, 6;
    %dup/vec4;
    %pushi/vec4 34, 0, 8;
    %cmp/u;
    %jmp/1 T_1.34, 6;
    %dup/vec4;
    %pushi/vec4 35, 0, 8;
    %cmp/u;
    %jmp/1 T_1.35, 6;
    %dup/vec4;
    %pushi/vec4 36, 0, 8;
    %cmp/u;
    %jmp/1 T_1.36, 6;
    %dup/vec4;
    %pushi/vec4 37, 0, 8;
    %cmp/u;
    %jmp/1 T_1.37, 6;
    %dup/vec4;
    %pushi/vec4 38, 0, 8;
    %cmp/u;
    %jmp/1 T_1.38, 6;
    %dup/vec4;
    %pushi/vec4 39, 0, 8;
    %cmp/u;
    %jmp/1 T_1.39, 6;
    %dup/vec4;
    %pushi/vec4 40, 0, 8;
    %cmp/u;
    %jmp/1 T_1.40, 6;
    %dup/vec4;
    %pushi/vec4 41, 0, 8;
    %cmp/u;
    %jmp/1 T_1.41, 6;
    %dup/vec4;
    %pushi/vec4 42, 0, 8;
    %cmp/u;
    %jmp/1 T_1.42, 6;
    %dup/vec4;
    %pushi/vec4 43, 0, 8;
    %cmp/u;
    %jmp/1 T_1.43, 6;
    %dup/vec4;
    %pushi/vec4 44, 0, 8;
    %cmp/u;
    %jmp/1 T_1.44, 6;
    %dup/vec4;
    %pushi/vec4 45, 0, 8;
    %cmp/u;
    %jmp/1 T_1.45, 6;
    %dup/vec4;
    %pushi/vec4 46, 0, 8;
    %cmp/u;
    %jmp/1 T_1.46, 6;
    %dup/vec4;
    %pushi/vec4 47, 0, 8;
    %cmp/u;
    %jmp/1 T_1.47, 6;
    %dup/vec4;
    %pushi/vec4 48, 0, 8;
    %cmp/u;
    %jmp/1 T_1.48, 6;
    %dup/vec4;
    %pushi/vec4 49, 0, 8;
    %cmp/u;
    %jmp/1 T_1.49, 6;
    %dup/vec4;
    %pushi/vec4 50, 0, 8;
    %cmp/u;
    %jmp/1 T_1.50, 6;
    %dup/vec4;
    %pushi/vec4 51, 0, 8;
    %cmp/u;
    %jmp/1 T_1.51, 6;
    %dup/vec4;
    %pushi/vec4 52, 0, 8;
    %cmp/u;
    %jmp/1 T_1.52, 6;
    %dup/vec4;
    %pushi/vec4 53, 0, 8;
    %cmp/u;
    %jmp/1 T_1.53, 6;
    %dup/vec4;
    %pushi/vec4 54, 0, 8;
    %cmp/u;
    %jmp/1 T_1.54, 6;
    %dup/vec4;
    %pushi/vec4 55, 0, 8;
    %cmp/u;
    %jmp/1 T_1.55, 6;
    %dup/vec4;
    %pushi/vec4 56, 0, 8;
    %cmp/u;
    %jmp/1 T_1.56, 6;
    %dup/vec4;
    %pushi/vec4 57, 0, 8;
    %cmp/u;
    %jmp/1 T_1.57, 6;
    %dup/vec4;
    %pushi/vec4 58, 0, 8;
    %cmp/u;
    %jmp/1 T_1.58, 6;
    %dup/vec4;
    %pushi/vec4 59, 0, 8;
    %cmp/u;
    %jmp/1 T_1.59, 6;
    %dup/vec4;
    %pushi/vec4 60, 0, 8;
    %cmp/u;
    %jmp/1 T_1.60, 6;
    %dup/vec4;
    %pushi/vec4 61, 0, 8;
    %cmp/u;
    %jmp/1 T_1.61, 6;
    %dup/vec4;
    %pushi/vec4 62, 0, 8;
    %cmp/u;
    %jmp/1 T_1.62, 6;
    %dup/vec4;
    %pushi/vec4 63, 0, 8;
    %cmp/u;
    %jmp/1 T_1.63, 6;
    %dup/vec4;
    %pushi/vec4 64, 0, 8;
    %cmp/u;
    %jmp/1 T_1.64, 6;
    %dup/vec4;
    %pushi/vec4 65, 0, 8;
    %cmp/u;
    %jmp/1 T_1.65, 6;
    %dup/vec4;
    %pushi/vec4 66, 0, 8;
    %cmp/u;
    %jmp/1 T_1.66, 6;
    %dup/vec4;
    %pushi/vec4 67, 0, 8;
    %cmp/u;
    %jmp/1 T_1.67, 6;
    %dup/vec4;
    %pushi/vec4 68, 0, 8;
    %cmp/u;
    %jmp/1 T_1.68, 6;
    %dup/vec4;
    %pushi/vec4 69, 0, 8;
    %cmp/u;
    %jmp/1 T_1.69, 6;
    %dup/vec4;
    %pushi/vec4 70, 0, 8;
    %cmp/u;
    %jmp/1 T_1.70, 6;
    %dup/vec4;
    %pushi/vec4 71, 0, 8;
    %cmp/u;
    %jmp/1 T_1.71, 6;
    %dup/vec4;
    %pushi/vec4 72, 0, 8;
    %cmp/u;
    %jmp/1 T_1.72, 6;
    %dup/vec4;
    %pushi/vec4 73, 0, 8;
    %cmp/u;
    %jmp/1 T_1.73, 6;
    %dup/vec4;
    %pushi/vec4 74, 0, 8;
    %cmp/u;
    %jmp/1 T_1.74, 6;
    %dup/vec4;
    %pushi/vec4 75, 0, 8;
    %cmp/u;
    %jmp/1 T_1.75, 6;
    %dup/vec4;
    %pushi/vec4 76, 0, 8;
    %cmp/u;
    %jmp/1 T_1.76, 6;
    %dup/vec4;
    %pushi/vec4 77, 0, 8;
    %cmp/u;
    %jmp/1 T_1.77, 6;
    %dup/vec4;
    %pushi/vec4 78, 0, 8;
    %cmp/u;
    %jmp/1 T_1.78, 6;
    %dup/vec4;
    %pushi/vec4 79, 0, 8;
    %cmp/u;
    %jmp/1 T_1.79, 6;
    %dup/vec4;
    %pushi/vec4 80, 0, 8;
    %cmp/u;
    %jmp/1 T_1.80, 6;
    %dup/vec4;
    %pushi/vec4 81, 0, 8;
    %cmp/u;
    %jmp/1 T_1.81, 6;
    %dup/vec4;
    %pushi/vec4 82, 0, 8;
    %cmp/u;
    %jmp/1 T_1.82, 6;
    %dup/vec4;
    %pushi/vec4 83, 0, 8;
    %cmp/u;
    %jmp/1 T_1.83, 6;
    %dup/vec4;
    %pushi/vec4 84, 0, 8;
    %cmp/u;
    %jmp/1 T_1.84, 6;
    %dup/vec4;
    %pushi/vec4 85, 0, 8;
    %cmp/u;
    %jmp/1 T_1.85, 6;
    %dup/vec4;
    %pushi/vec4 86, 0, 8;
    %cmp/u;
    %jmp/1 T_1.86, 6;
    %dup/vec4;
    %pushi/vec4 87, 0, 8;
    %cmp/u;
    %jmp/1 T_1.87, 6;
    %dup/vec4;
    %pushi/vec4 88, 0, 8;
    %cmp/u;
    %jmp/1 T_1.88, 6;
    %dup/vec4;
    %pushi/vec4 89, 0, 8;
    %cmp/u;
    %jmp/1 T_1.89, 6;
    %dup/vec4;
    %pushi/vec4 90, 0, 8;
    %cmp/u;
    %jmp/1 T_1.90, 6;
    %dup/vec4;
    %pushi/vec4 91, 0, 8;
    %cmp/u;
    %jmp/1 T_1.91, 6;
    %dup/vec4;
    %pushi/vec4 92, 0, 8;
    %cmp/u;
    %jmp/1 T_1.92, 6;
    %dup/vec4;
    %pushi/vec4 93, 0, 8;
    %cmp/u;
    %jmp/1 T_1.93, 6;
    %dup/vec4;
    %pushi/vec4 94, 0, 8;
    %cmp/u;
    %jmp/1 T_1.94, 6;
    %dup/vec4;
    %pushi/vec4 95, 0, 8;
    %cmp/u;
    %jmp/1 T_1.95, 6;
    %dup/vec4;
    %pushi/vec4 96, 0, 8;
    %cmp/u;
    %jmp/1 T_1.96, 6;
    %dup/vec4;
    %pushi/vec4 97, 0, 8;
    %cmp/u;
    %jmp/1 T_1.97, 6;
    %dup/vec4;
    %pushi/vec4 98, 0, 8;
    %cmp/u;
    %jmp/1 T_1.98, 6;
    %dup/vec4;
    %pushi/vec4 99, 0, 8;
    %cmp/u;
    %jmp/1 T_1.99, 6;
    %dup/vec4;
    %pushi/vec4 100, 0, 8;
    %cmp/u;
    %jmp/1 T_1.100, 6;
    %dup/vec4;
    %pushi/vec4 101, 0, 8;
    %cmp/u;
    %jmp/1 T_1.101, 6;
    %dup/vec4;
    %pushi/vec4 102, 0, 8;
    %cmp/u;
    %jmp/1 T_1.102, 6;
    %dup/vec4;
    %pushi/vec4 103, 0, 8;
    %cmp/u;
    %jmp/1 T_1.103, 6;
    %dup/vec4;
    %pushi/vec4 104, 0, 8;
    %cmp/u;
    %jmp/1 T_1.104, 6;
    %dup/vec4;
    %pushi/vec4 105, 0, 8;
    %cmp/u;
    %jmp/1 T_1.105, 6;
    %dup/vec4;
    %pushi/vec4 106, 0, 8;
    %cmp/u;
    %jmp/1 T_1.106, 6;
    %dup/vec4;
    %pushi/vec4 107, 0, 8;
    %cmp/u;
    %jmp/1 T_1.107, 6;
    %dup/vec4;
    %pushi/vec4 108, 0, 8;
    %cmp/u;
    %jmp/1 T_1.108, 6;
    %dup/vec4;
    %pushi/vec4 109, 0, 8;
    %cmp/u;
    %jmp/1 T_1.109, 6;
    %dup/vec4;
    %pushi/vec4 110, 0, 8;
    %cmp/u;
    %jmp/1 T_1.110, 6;
    %dup/vec4;
    %pushi/vec4 111, 0, 8;
    %cmp/u;
    %jmp/1 T_1.111, 6;
    %dup/vec4;
    %pushi/vec4 112, 0, 8;
    %cmp/u;
    %jmp/1 T_1.112, 6;
    %dup/vec4;
    %pushi/vec4 113, 0, 8;
    %cmp/u;
    %jmp/1 T_1.113, 6;
    %dup/vec4;
    %pushi/vec4 114, 0, 8;
    %cmp/u;
    %jmp/1 T_1.114, 6;
    %dup/vec4;
    %pushi/vec4 115, 0, 8;
    %cmp/u;
    %jmp/1 T_1.115, 6;
    %dup/vec4;
    %pushi/vec4 116, 0, 8;
    %cmp/u;
    %jmp/1 T_1.116, 6;
    %dup/vec4;
    %pushi/vec4 117, 0, 8;
    %cmp/u;
    %jmp/1 T_1.117, 6;
    %dup/vec4;
    %pushi/vec4 118, 0, 8;
    %cmp/u;
    %jmp/1 T_1.118, 6;
    %dup/vec4;
    %pushi/vec4 119, 0, 8;
    %cmp/u;
    %jmp/1 T_1.119, 6;
    %dup/vec4;
    %pushi/vec4 120, 0, 8;
    %cmp/u;
    %jmp/1 T_1.120, 6;
    %dup/vec4;
    %pushi/vec4 121, 0, 8;
    %cmp/u;
    %jmp/1 T_1.121, 6;
    %dup/vec4;
    %pushi/vec4 122, 0, 8;
    %cmp/u;
    %jmp/1 T_1.122, 6;
    %dup/vec4;
    %pushi/vec4 123, 0, 8;
    %cmp/u;
    %jmp/1 T_1.123, 6;
    %dup/vec4;
    %pushi/vec4 124, 0, 8;
    %cmp/u;
    %jmp/1 T_1.124, 6;
    %dup/vec4;
    %pushi/vec4 125, 0, 8;
    %cmp/u;
    %jmp/1 T_1.125, 6;
    %dup/vec4;
    %pushi/vec4 126, 0, 8;
    %cmp/u;
    %jmp/1 T_1.126, 6;
    %dup/vec4;
    %pushi/vec4 127, 0, 8;
    %cmp/u;
    %jmp/1 T_1.127, 6;
    %dup/vec4;
    %pushi/vec4 128, 0, 8;
    %cmp/u;
    %jmp/1 T_1.128, 6;
    %dup/vec4;
    %pushi/vec4 129, 0, 8;
    %cmp/u;
    %jmp/1 T_1.129, 6;
    %dup/vec4;
    %pushi/vec4 130, 0, 8;
    %cmp/u;
    %jmp/1 T_1.130, 6;
    %dup/vec4;
    %pushi/vec4 131, 0, 8;
    %cmp/u;
    %jmp/1 T_1.131, 6;
    %dup/vec4;
    %pushi/vec4 132, 0, 8;
    %cmp/u;
    %jmp/1 T_1.132, 6;
    %dup/vec4;
    %pushi/vec4 133, 0, 8;
    %cmp/u;
    %jmp/1 T_1.133, 6;
    %dup/vec4;
    %pushi/vec4 134, 0, 8;
    %cmp/u;
    %jmp/1 T_1.134, 6;
    %dup/vec4;
    %pushi/vec4 135, 0, 8;
    %cmp/u;
    %jmp/1 T_1.135, 6;
    %dup/vec4;
    %pushi/vec4 136, 0, 8;
    %cmp/u;
    %jmp/1 T_1.136, 6;
    %dup/vec4;
    %pushi/vec4 137, 0, 8;
    %cmp/u;
    %jmp/1 T_1.137, 6;
    %dup/vec4;
    %pushi/vec4 138, 0, 8;
    %cmp/u;
    %jmp/1 T_1.138, 6;
    %dup/vec4;
    %pushi/vec4 139, 0, 8;
    %cmp/u;
    %jmp/1 T_1.139, 6;
    %dup/vec4;
    %pushi/vec4 140, 0, 8;
    %cmp/u;
    %jmp/1 T_1.140, 6;
    %dup/vec4;
    %pushi/vec4 141, 0, 8;
    %cmp/u;
    %jmp/1 T_1.141, 6;
    %dup/vec4;
    %pushi/vec4 142, 0, 8;
    %cmp/u;
    %jmp/1 T_1.142, 6;
    %dup/vec4;
    %pushi/vec4 143, 0, 8;
    %cmp/u;
    %jmp/1 T_1.143, 6;
    %dup/vec4;
    %pushi/vec4 144, 0, 8;
    %cmp/u;
    %jmp/1 T_1.144, 6;
    %dup/vec4;
    %pushi/vec4 145, 0, 8;
    %cmp/u;
    %jmp/1 T_1.145, 6;
    %dup/vec4;
    %pushi/vec4 146, 0, 8;
    %cmp/u;
    %jmp/1 T_1.146, 6;
    %dup/vec4;
    %pushi/vec4 147, 0, 8;
    %cmp/u;
    %jmp/1 T_1.147, 6;
    %dup/vec4;
    %pushi/vec4 148, 0, 8;
    %cmp/u;
    %jmp/1 T_1.148, 6;
    %dup/vec4;
    %pushi/vec4 149, 0, 8;
    %cmp/u;
    %jmp/1 T_1.149, 6;
    %dup/vec4;
    %pushi/vec4 150, 0, 8;
    %cmp/u;
    %jmp/1 T_1.150, 6;
    %dup/vec4;
    %pushi/vec4 151, 0, 8;
    %cmp/u;
    %jmp/1 T_1.151, 6;
    %dup/vec4;
    %pushi/vec4 152, 0, 8;
    %cmp/u;
    %jmp/1 T_1.152, 6;
    %dup/vec4;
    %pushi/vec4 153, 0, 8;
    %cmp/u;
    %jmp/1 T_1.153, 6;
    %dup/vec4;
    %pushi/vec4 154, 0, 8;
    %cmp/u;
    %jmp/1 T_1.154, 6;
    %dup/vec4;
    %pushi/vec4 155, 0, 8;
    %cmp/u;
    %jmp/1 T_1.155, 6;
    %dup/vec4;
    %pushi/vec4 156, 0, 8;
    %cmp/u;
    %jmp/1 T_1.156, 6;
    %dup/vec4;
    %pushi/vec4 157, 0, 8;
    %cmp/u;
    %jmp/1 T_1.157, 6;
    %dup/vec4;
    %pushi/vec4 158, 0, 8;
    %cmp/u;
    %jmp/1 T_1.158, 6;
    %dup/vec4;
    %pushi/vec4 159, 0, 8;
    %cmp/u;
    %jmp/1 T_1.159, 6;
    %dup/vec4;
    %pushi/vec4 160, 0, 8;
    %cmp/u;
    %jmp/1 T_1.160, 6;
    %dup/vec4;
    %pushi/vec4 161, 0, 8;
    %cmp/u;
    %jmp/1 T_1.161, 6;
    %dup/vec4;
    %pushi/vec4 162, 0, 8;
    %cmp/u;
    %jmp/1 T_1.162, 6;
    %dup/vec4;
    %pushi/vec4 163, 0, 8;
    %cmp/u;
    %jmp/1 T_1.163, 6;
    %dup/vec4;
    %pushi/vec4 164, 0, 8;
    %cmp/u;
    %jmp/1 T_1.164, 6;
    %dup/vec4;
    %pushi/vec4 165, 0, 8;
    %cmp/u;
    %jmp/1 T_1.165, 6;
    %dup/vec4;
    %pushi/vec4 166, 0, 8;
    %cmp/u;
    %jmp/1 T_1.166, 6;
    %dup/vec4;
    %pushi/vec4 167, 0, 8;
    %cmp/u;
    %jmp/1 T_1.167, 6;
    %dup/vec4;
    %pushi/vec4 168, 0, 8;
    %cmp/u;
    %jmp/1 T_1.168, 6;
    %dup/vec4;
    %pushi/vec4 169, 0, 8;
    %cmp/u;
    %jmp/1 T_1.169, 6;
    %dup/vec4;
    %pushi/vec4 170, 0, 8;
    %cmp/u;
    %jmp/1 T_1.170, 6;
    %dup/vec4;
    %pushi/vec4 171, 0, 8;
    %cmp/u;
    %jmp/1 T_1.171, 6;
    %dup/vec4;
    %pushi/vec4 172, 0, 8;
    %cmp/u;
    %jmp/1 T_1.172, 6;
    %dup/vec4;
    %pushi/vec4 173, 0, 8;
    %cmp/u;
    %jmp/1 T_1.173, 6;
    %dup/vec4;
    %pushi/vec4 174, 0, 8;
    %cmp/u;
    %jmp/1 T_1.174, 6;
    %dup/vec4;
    %pushi/vec4 175, 0, 8;
    %cmp/u;
    %jmp/1 T_1.175, 6;
    %pushi/vec4 0, 0, 8;
    %store/vec4 v0x63cffeb4c5e0_0, 0, 8;
    %jmp T_1.177;
T_1.0 ;
    %pushi/vec4 60, 0, 8;
    %store/vec4 v0x63cffeb4c5e0_0, 0, 8;
    %jmp T_1.177;
T_1.1 ;
    %pushi/vec4 102, 0, 8;
    %store/vec4 v0x63cffeb4c5e0_0, 0, 8;
    %jmp T_1.177;
T_1.2 ;
    %pushi/vec4 102, 0, 8;
    %store/vec4 v0x63cffeb4c5e0_0, 0, 8;
    %jmp T_1.177;
T_1.3 ;
    %pushi/vec4 102, 0, 8;
    %store/vec4 v0x63cffeb4c5e0_0, 0, 8;
    %jmp T_1.177;
T_1.4 ;
    %pushi/vec4 102, 0, 8;
    %store/vec4 v0x63cffeb4c5e0_0, 0, 8;
    %jmp T_1.177;
T_1.5 ;
    %pushi/vec4 102, 0, 8;
    %store/vec4 v0x63cffeb4c5e0_0, 0, 8;
    %jmp T_1.177;
T_1.6 ;
    %pushi/vec4 102, 0, 8;
    %store/vec4 v0x63cffeb4c5e0_0, 0, 8;
    %jmp T_1.177;
T_1.7 ;
    %pushi/vec4 102, 0, 8;
    %store/vec4 v0x63cffeb4c5e0_0, 0, 8;
    %jmp T_1.177;
T_1.8 ;
    %pushi/vec4 102, 0, 8;
    %store/vec4 v0x63cffeb4c5e0_0, 0, 8;
    %jmp T_1.177;
T_1.9 ;
    %pushi/vec4 102, 0, 8;
    %store/vec4 v0x63cffeb4c5e0_0, 0, 8;
    %jmp T_1.177;
T_1.10 ;
    %pushi/vec4 102, 0, 8;
    %store/vec4 v0x63cffeb4c5e0_0, 0, 8;
    %jmp T_1.177;
T_1.11 ;
    %pushi/vec4 102, 0, 8;
    %store/vec4 v0x63cffeb4c5e0_0, 0, 8;
    %jmp T_1.177;
T_1.12 ;
    %pushi/vec4 102, 0, 8;
    %store/vec4 v0x63cffeb4c5e0_0, 0, 8;
    %jmp T_1.177;
T_1.13 ;
    %pushi/vec4 102, 0, 8;
    %store/vec4 v0x63cffeb4c5e0_0, 0, 8;
    %jmp T_1.177;
T_1.14 ;
    %pushi/vec4 126, 0, 8;
    %store/vec4 v0x63cffeb4c5e0_0, 0, 8;
    %jmp T_1.177;
T_1.15 ;
    %pushi/vec4 60, 0, 8;
    %store/vec4 v0x63cffeb4c5e0_0, 0, 8;
    %jmp T_1.177;
T_1.16 ;
    %pushi/vec4 24, 0, 8;
    %store/vec4 v0x63cffeb4c5e0_0, 0, 8;
    %jmp T_1.177;
T_1.17 ;
    %pushi/vec4 56, 0, 8;
    %store/vec4 v0x63cffeb4c5e0_0, 0, 8;
    %jmp T_1.177;
T_1.18 ;
    %pushi/vec4 120, 0, 8;
    %store/vec4 v0x63cffeb4c5e0_0, 0, 8;
    %jmp T_1.177;
T_1.19 ;
    %pushi/vec4 24, 0, 8;
    %store/vec4 v0x63cffeb4c5e0_0, 0, 8;
    %jmp T_1.177;
T_1.20 ;
    %pushi/vec4 24, 0, 8;
    %store/vec4 v0x63cffeb4c5e0_0, 0, 8;
    %jmp T_1.177;
T_1.21 ;
    %pushi/vec4 24, 0, 8;
    %store/vec4 v0x63cffeb4c5e0_0, 0, 8;
    %jmp T_1.177;
T_1.22 ;
    %pushi/vec4 24, 0, 8;
    %store/vec4 v0x63cffeb4c5e0_0, 0, 8;
    %jmp T_1.177;
T_1.23 ;
    %pushi/vec4 24, 0, 8;
    %store/vec4 v0x63cffeb4c5e0_0, 0, 8;
    %jmp T_1.177;
T_1.24 ;
    %pushi/vec4 24, 0, 8;
    %store/vec4 v0x63cffeb4c5e0_0, 0, 8;
    %jmp T_1.177;
T_1.25 ;
    %pushi/vec4 24, 0, 8;
    %store/vec4 v0x63cffeb4c5e0_0, 0, 8;
    %jmp T_1.177;
T_1.26 ;
    %pushi/vec4 24, 0, 8;
    %store/vec4 v0x63cffeb4c5e0_0, 0, 8;
    %jmp T_1.177;
T_1.27 ;
    %pushi/vec4 24, 0, 8;
    %store/vec4 v0x63cffeb4c5e0_0, 0, 8;
    %jmp T_1.177;
T_1.28 ;
    %pushi/vec4 24, 0, 8;
    %store/vec4 v0x63cffeb4c5e0_0, 0, 8;
    %jmp T_1.177;
T_1.29 ;
    %pushi/vec4 24, 0, 8;
    %store/vec4 v0x63cffeb4c5e0_0, 0, 8;
    %jmp T_1.177;
T_1.30 ;
    %pushi/vec4 126, 0, 8;
    %store/vec4 v0x63cffeb4c5e0_0, 0, 8;
    %jmp T_1.177;
T_1.31 ;
    %pushi/vec4 126, 0, 8;
    %store/vec4 v0x63cffeb4c5e0_0, 0, 8;
    %jmp T_1.177;
T_1.32 ;
    %pushi/vec4 60, 0, 8;
    %store/vec4 v0x63cffeb4c5e0_0, 0, 8;
    %jmp T_1.177;
T_1.33 ;
    %pushi/vec4 102, 0, 8;
    %store/vec4 v0x63cffeb4c5e0_0, 0, 8;
    %jmp T_1.177;
T_1.34 ;
    %pushi/vec4 6, 0, 8;
    %store/vec4 v0x63cffeb4c5e0_0, 0, 8;
    %jmp T_1.177;
T_1.35 ;
    %pushi/vec4 6, 0, 8;
    %store/vec4 v0x63cffeb4c5e0_0, 0, 8;
    %jmp T_1.177;
T_1.36 ;
    %pushi/vec4 6, 0, 8;
    %store/vec4 v0x63cffeb4c5e0_0, 0, 8;
    %jmp T_1.177;
T_1.37 ;
    %pushi/vec4 12, 0, 8;
    %store/vec4 v0x63cffeb4c5e0_0, 0, 8;
    %jmp T_1.177;
T_1.38 ;
    %pushi/vec4 24, 0, 8;
    %store/vec4 v0x63cffeb4c5e0_0, 0, 8;
    %jmp T_1.177;
T_1.39 ;
    %pushi/vec4 48, 0, 8;
    %store/vec4 v0x63cffeb4c5e0_0, 0, 8;
    %jmp T_1.177;
T_1.40 ;
    %pushi/vec4 96, 0, 8;
    %store/vec4 v0x63cffeb4c5e0_0, 0, 8;
    %jmp T_1.177;
T_1.41 ;
    %pushi/vec4 96, 0, 8;
    %store/vec4 v0x63cffeb4c5e0_0, 0, 8;
    %jmp T_1.177;
T_1.42 ;
    %pushi/vec4 96, 0, 8;
    %store/vec4 v0x63cffeb4c5e0_0, 0, 8;
    %jmp T_1.177;
T_1.43 ;
    %pushi/vec4 96, 0, 8;
    %store/vec4 v0x63cffeb4c5e0_0, 0, 8;
    %jmp T_1.177;
T_1.44 ;
    %pushi/vec4 102, 0, 8;
    %store/vec4 v0x63cffeb4c5e0_0, 0, 8;
    %jmp T_1.177;
T_1.45 ;
    %pushi/vec4 102, 0, 8;
    %store/vec4 v0x63cffeb4c5e0_0, 0, 8;
    %jmp T_1.177;
T_1.46 ;
    %pushi/vec4 126, 0, 8;
    %store/vec4 v0x63cffeb4c5e0_0, 0, 8;
    %jmp T_1.177;
T_1.47 ;
    %pushi/vec4 126, 0, 8;
    %store/vec4 v0x63cffeb4c5e0_0, 0, 8;
    %jmp T_1.177;
T_1.48 ;
    %pushi/vec4 60, 0, 8;
    %store/vec4 v0x63cffeb4c5e0_0, 0, 8;
    %jmp T_1.177;
T_1.49 ;
    %pushi/vec4 102, 0, 8;
    %store/vec4 v0x63cffeb4c5e0_0, 0, 8;
    %jmp T_1.177;
T_1.50 ;
    %pushi/vec4 6, 0, 8;
    %store/vec4 v0x63cffeb4c5e0_0, 0, 8;
    %jmp T_1.177;
T_1.51 ;
    %pushi/vec4 6, 0, 8;
    %store/vec4 v0x63cffeb4c5e0_0, 0, 8;
    %jmp T_1.177;
T_1.52 ;
    %pushi/vec4 6, 0, 8;
    %store/vec4 v0x63cffeb4c5e0_0, 0, 8;
    %jmp T_1.177;
T_1.53 ;
    %pushi/vec4 28, 0, 8;
    %store/vec4 v0x63cffeb4c5e0_0, 0, 8;
    %jmp T_1.177;
T_1.54 ;
    %pushi/vec4 6, 0, 8;
    %store/vec4 v0x63cffeb4c5e0_0, 0, 8;
    %jmp T_1.177;
T_1.55 ;
    %pushi/vec4 6, 0, 8;
    %store/vec4 v0x63cffeb4c5e0_0, 0, 8;
    %jmp T_1.177;
T_1.56 ;
    %pushi/vec4 6, 0, 8;
    %store/vec4 v0x63cffeb4c5e0_0, 0, 8;
    %jmp T_1.177;
T_1.57 ;
    %pushi/vec4 6, 0, 8;
    %store/vec4 v0x63cffeb4c5e0_0, 0, 8;
    %jmp T_1.177;
T_1.58 ;
    %pushi/vec4 6, 0, 8;
    %store/vec4 v0x63cffeb4c5e0_0, 0, 8;
    %jmp T_1.177;
T_1.59 ;
    %pushi/vec4 6, 0, 8;
    %store/vec4 v0x63cffeb4c5e0_0, 0, 8;
    %jmp T_1.177;
T_1.60 ;
    %pushi/vec4 102, 0, 8;
    %store/vec4 v0x63cffeb4c5e0_0, 0, 8;
    %jmp T_1.177;
T_1.61 ;
    %pushi/vec4 102, 0, 8;
    %store/vec4 v0x63cffeb4c5e0_0, 0, 8;
    %jmp T_1.177;
T_1.62 ;
    %pushi/vec4 60, 0, 8;
    %store/vec4 v0x63cffeb4c5e0_0, 0, 8;
    %jmp T_1.177;
T_1.63 ;
    %pushi/vec4 0, 0, 8;
    %store/vec4 v0x63cffeb4c5e0_0, 0, 8;
    %jmp T_1.177;
T_1.64 ;
    %pushi/vec4 12, 0, 8;
    %store/vec4 v0x63cffeb4c5e0_0, 0, 8;
    %jmp T_1.177;
T_1.65 ;
    %pushi/vec4 28, 0, 8;
    %store/vec4 v0x63cffeb4c5e0_0, 0, 8;
    %jmp T_1.177;
T_1.66 ;
    %pushi/vec4 60, 0, 8;
    %store/vec4 v0x63cffeb4c5e0_0, 0, 8;
    %jmp T_1.177;
T_1.67 ;
    %pushi/vec4 108, 0, 8;
    %store/vec4 v0x63cffeb4c5e0_0, 0, 8;
    %jmp T_1.177;
T_1.68 ;
    %pushi/vec4 108, 0, 8;
    %store/vec4 v0x63cffeb4c5e0_0, 0, 8;
    %jmp T_1.177;
T_1.69 ;
    %pushi/vec4 204, 0, 8;
    %store/vec4 v0x63cffeb4c5e0_0, 0, 8;
    %jmp T_1.177;
T_1.70 ;
    %pushi/vec4 204, 0, 8;
    %store/vec4 v0x63cffeb4c5e0_0, 0, 8;
    %jmp T_1.177;
T_1.71 ;
    %pushi/vec4 254, 0, 8;
    %store/vec4 v0x63cffeb4c5e0_0, 0, 8;
    %jmp T_1.177;
T_1.72 ;
    %pushi/vec4 12, 0, 8;
    %store/vec4 v0x63cffeb4c5e0_0, 0, 8;
    %jmp T_1.177;
T_1.73 ;
    %pushi/vec4 12, 0, 8;
    %store/vec4 v0x63cffeb4c5e0_0, 0, 8;
    %jmp T_1.177;
T_1.74 ;
    %pushi/vec4 12, 0, 8;
    %store/vec4 v0x63cffeb4c5e0_0, 0, 8;
    %jmp T_1.177;
T_1.75 ;
    %pushi/vec4 12, 0, 8;
    %store/vec4 v0x63cffeb4c5e0_0, 0, 8;
    %jmp T_1.177;
T_1.76 ;
    %pushi/vec4 12, 0, 8;
    %store/vec4 v0x63cffeb4c5e0_0, 0, 8;
    %jmp T_1.177;
T_1.77 ;
    %pushi/vec4 12, 0, 8;
    %store/vec4 v0x63cffeb4c5e0_0, 0, 8;
    %jmp T_1.177;
T_1.78 ;
    %pushi/vec4 12, 0, 8;
    %store/vec4 v0x63cffeb4c5e0_0, 0, 8;
    %jmp T_1.177;
T_1.79 ;
    %pushi/vec4 0, 0, 8;
    %store/vec4 v0x63cffeb4c5e0_0, 0, 8;
    %jmp T_1.177;
T_1.80 ;
    %pushi/vec4 126, 0, 8;
    %store/vec4 v0x63cffeb4c5e0_0, 0, 8;
    %jmp T_1.177;
T_1.81 ;
    %pushi/vec4 96, 0, 8;
    %store/vec4 v0x63cffeb4c5e0_0, 0, 8;
    %jmp T_1.177;
T_1.82 ;
    %pushi/vec4 96, 0, 8;
    %store/vec4 v0x63cffeb4c5e0_0, 0, 8;
    %jmp T_1.177;
T_1.83 ;
    %pushi/vec4 96, 0, 8;
    %store/vec4 v0x63cffeb4c5e0_0, 0, 8;
    %jmp T_1.177;
T_1.84 ;
    %pushi/vec4 96, 0, 8;
    %store/vec4 v0x63cffeb4c5e0_0, 0, 8;
    %jmp T_1.177;
T_1.85 ;
    %pushi/vec4 124, 0, 8;
    %store/vec4 v0x63cffeb4c5e0_0, 0, 8;
    %jmp T_1.177;
T_1.86 ;
    %pushi/vec4 6, 0, 8;
    %store/vec4 v0x63cffeb4c5e0_0, 0, 8;
    %jmp T_1.177;
T_1.87 ;
    %pushi/vec4 6, 0, 8;
    %store/vec4 v0x63cffeb4c5e0_0, 0, 8;
    %jmp T_1.177;
T_1.88 ;
    %pushi/vec4 6, 0, 8;
    %store/vec4 v0x63cffeb4c5e0_0, 0, 8;
    %jmp T_1.177;
T_1.89 ;
    %pushi/vec4 6, 0, 8;
    %store/vec4 v0x63cffeb4c5e0_0, 0, 8;
    %jmp T_1.177;
T_1.90 ;
    %pushi/vec4 6, 0, 8;
    %store/vec4 v0x63cffeb4c5e0_0, 0, 8;
    %jmp T_1.177;
T_1.91 ;
    %pushi/vec4 6, 0, 8;
    %store/vec4 v0x63cffeb4c5e0_0, 0, 8;
    %jmp T_1.177;
T_1.92 ;
    %pushi/vec4 102, 0, 8;
    %store/vec4 v0x63cffeb4c5e0_0, 0, 8;
    %jmp T_1.177;
T_1.93 ;
    %pushi/vec4 102, 0, 8;
    %store/vec4 v0x63cffeb4c5e0_0, 0, 8;
    %jmp T_1.177;
T_1.94 ;
    %pushi/vec4 60, 0, 8;
    %store/vec4 v0x63cffeb4c5e0_0, 0, 8;
    %jmp T_1.177;
T_1.95 ;
    %pushi/vec4 0, 0, 8;
    %store/vec4 v0x63cffeb4c5e0_0, 0, 8;
    %jmp T_1.177;
T_1.96 ;
    %pushi/vec4 60, 0, 8;
    %store/vec4 v0x63cffeb4c5e0_0, 0, 8;
    %jmp T_1.177;
T_1.97 ;
    %pushi/vec4 102, 0, 8;
    %store/vec4 v0x63cffeb4c5e0_0, 0, 8;
    %jmp T_1.177;
T_1.98 ;
    %pushi/vec4 96, 0, 8;
    %store/vec4 v0x63cffeb4c5e0_0, 0, 8;
    %jmp T_1.177;
T_1.99 ;
    %pushi/vec4 96, 0, 8;
    %store/vec4 v0x63cffeb4c5e0_0, 0, 8;
    %jmp T_1.177;
T_1.100 ;
    %pushi/vec4 96, 0, 8;
    %store/vec4 v0x63cffeb4c5e0_0, 0, 8;
    %jmp T_1.177;
T_1.101 ;
    %pushi/vec4 124, 0, 8;
    %store/vec4 v0x63cffeb4c5e0_0, 0, 8;
    %jmp T_1.177;
T_1.102 ;
    %pushi/vec4 102, 0, 8;
    %store/vec4 v0x63cffeb4c5e0_0, 0, 8;
    %jmp T_1.177;
T_1.103 ;
    %pushi/vec4 102, 0, 8;
    %store/vec4 v0x63cffeb4c5e0_0, 0, 8;
    %jmp T_1.177;
T_1.104 ;
    %pushi/vec4 102, 0, 8;
    %store/vec4 v0x63cffeb4c5e0_0, 0, 8;
    %jmp T_1.177;
T_1.105 ;
    %pushi/vec4 102, 0, 8;
    %store/vec4 v0x63cffeb4c5e0_0, 0, 8;
    %jmp T_1.177;
T_1.106 ;
    %pushi/vec4 102, 0, 8;
    %store/vec4 v0x63cffeb4c5e0_0, 0, 8;
    %jmp T_1.177;
T_1.107 ;
    %pushi/vec4 102, 0, 8;
    %store/vec4 v0x63cffeb4c5e0_0, 0, 8;
    %jmp T_1.177;
T_1.108 ;
    %pushi/vec4 102, 0, 8;
    %store/vec4 v0x63cffeb4c5e0_0, 0, 8;
    %jmp T_1.177;
T_1.109 ;
    %pushi/vec4 102, 0, 8;
    %store/vec4 v0x63cffeb4c5e0_0, 0, 8;
    %jmp T_1.177;
T_1.110 ;
    %pushi/vec4 60, 0, 8;
    %store/vec4 v0x63cffeb4c5e0_0, 0, 8;
    %jmp T_1.177;
T_1.111 ;
    %pushi/vec4 0, 0, 8;
    %store/vec4 v0x63cffeb4c5e0_0, 0, 8;
    %jmp T_1.177;
T_1.112 ;
    %pushi/vec4 126, 0, 8;
    %store/vec4 v0x63cffeb4c5e0_0, 0, 8;
    %jmp T_1.177;
T_1.113 ;
    %pushi/vec4 102, 0, 8;
    %store/vec4 v0x63cffeb4c5e0_0, 0, 8;
    %jmp T_1.177;
T_1.114 ;
    %pushi/vec4 6, 0, 8;
    %store/vec4 v0x63cffeb4c5e0_0, 0, 8;
    %jmp T_1.177;
T_1.115 ;
    %pushi/vec4 6, 0, 8;
    %store/vec4 v0x63cffeb4c5e0_0, 0, 8;
    %jmp T_1.177;
T_1.116 ;
    %pushi/vec4 12, 0, 8;
    %store/vec4 v0x63cffeb4c5e0_0, 0, 8;
    %jmp T_1.177;
T_1.117 ;
    %pushi/vec4 12, 0, 8;
    %store/vec4 v0x63cffeb4c5e0_0, 0, 8;
    %jmp T_1.177;
T_1.118 ;
    %pushi/vec4 24, 0, 8;
    %store/vec4 v0x63cffeb4c5e0_0, 0, 8;
    %jmp T_1.177;
T_1.119 ;
    %pushi/vec4 24, 0, 8;
    %store/vec4 v0x63cffeb4c5e0_0, 0, 8;
    %jmp T_1.177;
T_1.120 ;
    %pushi/vec4 48, 0, 8;
    %store/vec4 v0x63cffeb4c5e0_0, 0, 8;
    %jmp T_1.177;
T_1.121 ;
    %pushi/vec4 48, 0, 8;
    %store/vec4 v0x63cffeb4c5e0_0, 0, 8;
    %jmp T_1.177;
T_1.122 ;
    %pushi/vec4 48, 0, 8;
    %store/vec4 v0x63cffeb4c5e0_0, 0, 8;
    %jmp T_1.177;
T_1.123 ;
    %pushi/vec4 48, 0, 8;
    %store/vec4 v0x63cffeb4c5e0_0, 0, 8;
    %jmp T_1.177;
T_1.124 ;
    %pushi/vec4 48, 0, 8;
    %store/vec4 v0x63cffeb4c5e0_0, 0, 8;
    %jmp T_1.177;
T_1.125 ;
    %pushi/vec4 48, 0, 8;
    %store/vec4 v0x63cffeb4c5e0_0, 0, 8;
    %jmp T_1.177;
T_1.126 ;
    %pushi/vec4 48, 0, 8;
    %store/vec4 v0x63cffeb4c5e0_0, 0, 8;
    %jmp T_1.177;
T_1.127 ;
    %pushi/vec4 0, 0, 8;
    %store/vec4 v0x63cffeb4c5e0_0, 0, 8;
    %jmp T_1.177;
T_1.128 ;
    %pushi/vec4 60, 0, 8;
    %store/vec4 v0x63cffeb4c5e0_0, 0, 8;
    %jmp T_1.177;
T_1.129 ;
    %pushi/vec4 102, 0, 8;
    %store/vec4 v0x63cffeb4c5e0_0, 0, 8;
    %jmp T_1.177;
T_1.130 ;
    %pushi/vec4 102, 0, 8;
    %store/vec4 v0x63cffeb4c5e0_0, 0, 8;
    %jmp T_1.177;
T_1.131 ;
    %pushi/vec4 102, 0, 8;
    %store/vec4 v0x63cffeb4c5e0_0, 0, 8;
    %jmp T_1.177;
T_1.132 ;
    %pushi/vec4 102, 0, 8;
    %store/vec4 v0x63cffeb4c5e0_0, 0, 8;
    %jmp T_1.177;
T_1.133 ;
    %pushi/vec4 60, 0, 8;
    %store/vec4 v0x63cffeb4c5e0_0, 0, 8;
    %jmp T_1.177;
T_1.134 ;
    %pushi/vec4 102, 0, 8;
    %store/vec4 v0x63cffeb4c5e0_0, 0, 8;
    %jmp T_1.177;
T_1.135 ;
    %pushi/vec4 102, 0, 8;
    %store/vec4 v0x63cffeb4c5e0_0, 0, 8;
    %jmp T_1.177;
T_1.136 ;
    %pushi/vec4 102, 0, 8;
    %store/vec4 v0x63cffeb4c5e0_0, 0, 8;
    %jmp T_1.177;
T_1.137 ;
    %pushi/vec4 102, 0, 8;
    %store/vec4 v0x63cffeb4c5e0_0, 0, 8;
    %jmp T_1.177;
T_1.138 ;
    %pushi/vec4 102, 0, 8;
    %store/vec4 v0x63cffeb4c5e0_0, 0, 8;
    %jmp T_1.177;
T_1.139 ;
    %pushi/vec4 102, 0, 8;
    %store/vec4 v0x63cffeb4c5e0_0, 0, 8;
    %jmp T_1.177;
T_1.140 ;
    %pushi/vec4 102, 0, 8;
    %store/vec4 v0x63cffeb4c5e0_0, 0, 8;
    %jmp T_1.177;
T_1.141 ;
    %pushi/vec4 102, 0, 8;
    %store/vec4 v0x63cffeb4c5e0_0, 0, 8;
    %jmp T_1.177;
T_1.142 ;
    %pushi/vec4 60, 0, 8;
    %store/vec4 v0x63cffeb4c5e0_0, 0, 8;
    %jmp T_1.177;
T_1.143 ;
    %pushi/vec4 0, 0, 8;
    %store/vec4 v0x63cffeb4c5e0_0, 0, 8;
    %jmp T_1.177;
T_1.144 ;
    %pushi/vec4 60, 0, 8;
    %store/vec4 v0x63cffeb4c5e0_0, 0, 8;
    %jmp T_1.177;
T_1.145 ;
    %pushi/vec4 102, 0, 8;
    %store/vec4 v0x63cffeb4c5e0_0, 0, 8;
    %jmp T_1.177;
T_1.146 ;
    %pushi/vec4 102, 0, 8;
    %store/vec4 v0x63cffeb4c5e0_0, 0, 8;
    %jmp T_1.177;
T_1.147 ;
    %pushi/vec4 102, 0, 8;
    %store/vec4 v0x63cffeb4c5e0_0, 0, 8;
    %jmp T_1.177;
T_1.148 ;
    %pushi/vec4 102, 0, 8;
    %store/vec4 v0x63cffeb4c5e0_0, 0, 8;
    %jmp T_1.177;
T_1.149 ;
    %pushi/vec4 62, 0, 8;
    %store/vec4 v0x63cffeb4c5e0_0, 0, 8;
    %jmp T_1.177;
T_1.150 ;
    %pushi/vec4 6, 0, 8;
    %store/vec4 v0x63cffeb4c5e0_0, 0, 8;
    %jmp T_1.177;
T_1.151 ;
    %pushi/vec4 6, 0, 8;
    %store/vec4 v0x63cffeb4c5e0_0, 0, 8;
    %jmp T_1.177;
T_1.152 ;
    %pushi/vec4 6, 0, 8;
    %store/vec4 v0x63cffeb4c5e0_0, 0, 8;
    %jmp T_1.177;
T_1.153 ;
    %pushi/vec4 6, 0, 8;
    %store/vec4 v0x63cffeb4c5e0_0, 0, 8;
    %jmp T_1.177;
T_1.154 ;
    %pushi/vec4 6, 0, 8;
    %store/vec4 v0x63cffeb4c5e0_0, 0, 8;
    %jmp T_1.177;
T_1.155 ;
    %pushi/vec4 6, 0, 8;
    %store/vec4 v0x63cffeb4c5e0_0, 0, 8;
    %jmp T_1.177;
T_1.156 ;
    %pushi/vec4 102, 0, 8;
    %store/vec4 v0x63cffeb4c5e0_0, 0, 8;
    %jmp T_1.177;
T_1.157 ;
    %pushi/vec4 102, 0, 8;
    %store/vec4 v0x63cffeb4c5e0_0, 0, 8;
    %jmp T_1.177;
T_1.158 ;
    %pushi/vec4 60, 0, 8;
    %store/vec4 v0x63cffeb4c5e0_0, 0, 8;
    %jmp T_1.177;
T_1.159 ;
    %pushi/vec4 0, 0, 8;
    %store/vec4 v0x63cffeb4c5e0_0, 0, 8;
    %jmp T_1.177;
T_1.160 ;
    %pushi/vec4 0, 0, 8;
    %store/vec4 v0x63cffeb4c5e0_0, 0, 8;
    %jmp T_1.177;
T_1.161 ;
    %pushi/vec4 0, 0, 8;
    %store/vec4 v0x63cffeb4c5e0_0, 0, 8;
    %jmp T_1.177;
T_1.162 ;
    %pushi/vec4 0, 0, 8;
    %store/vec4 v0x63cffeb4c5e0_0, 0, 8;
    %jmp T_1.177;
T_1.163 ;
    %pushi/vec4 24, 0, 8;
    %store/vec4 v0x63cffeb4c5e0_0, 0, 8;
    %jmp T_1.177;
T_1.164 ;
    %pushi/vec4 24, 0, 8;
    %store/vec4 v0x63cffeb4c5e0_0, 0, 8;
    %jmp T_1.177;
T_1.165 ;
    %pushi/vec4 0, 0, 8;
    %store/vec4 v0x63cffeb4c5e0_0, 0, 8;
    %jmp T_1.177;
T_1.166 ;
    %pushi/vec4 0, 0, 8;
    %store/vec4 v0x63cffeb4c5e0_0, 0, 8;
    %jmp T_1.177;
T_1.167 ;
    %pushi/vec4 0, 0, 8;
    %store/vec4 v0x63cffeb4c5e0_0, 0, 8;
    %jmp T_1.177;
T_1.168 ;
    %pushi/vec4 0, 0, 8;
    %store/vec4 v0x63cffeb4c5e0_0, 0, 8;
    %jmp T_1.177;
T_1.169 ;
    %pushi/vec4 0, 0, 8;
    %store/vec4 v0x63cffeb4c5e0_0, 0, 8;
    %jmp T_1.177;
T_1.170 ;
    %pushi/vec4 24, 0, 8;
    %store/vec4 v0x63cffeb4c5e0_0, 0, 8;
    %jmp T_1.177;
T_1.171 ;
    %pushi/vec4 24, 0, 8;
    %store/vec4 v0x63cffeb4c5e0_0, 0, 8;
    %jmp T_1.177;
T_1.172 ;
    %pushi/vec4 0, 0, 8;
    %store/vec4 v0x63cffeb4c5e0_0, 0, 8;
    %jmp T_1.177;
T_1.173 ;
    %pushi/vec4 0, 0, 8;
    %store/vec4 v0x63cffeb4c5e0_0, 0, 8;
    %jmp T_1.177;
T_1.174 ;
    %pushi/vec4 0, 0, 8;
    %store/vec4 v0x63cffeb4c5e0_0, 0, 8;
    %jmp T_1.177;
T_1.175 ;
    %pushi/vec4 0, 0, 8;
    %store/vec4 v0x63cffeb4c5e0_0, 0, 8;
    %jmp T_1.177;
T_1.177 ;
    %pop/vec4 1;
    %jmp T_1;
    .thread T_1, $push;
    .scope S_0x63cffeb21450;
T_2 ;
    %vpi_call 2 40 "$display", "=== TEST: font_rom ===" {0 0 0};
    %vpi_call 2 43 "$display", "-- D\303\255gito 0 --" {0 0 0};
    %pushi/vec4 0, 0, 8;
    %store/vec4 v0x63cffeb217c0_0, 0, 8;
    %pushi/vec4 60, 0, 8;
    %store/vec4 v0x63cffeb4c1c0_0, 0, 8;
    %fork TD_tb_font_rom.check_addr, S_0x63cffeb215e0;
    %join;
    %pushi/vec4 15, 0, 8;
    %store/vec4 v0x63cffeb217c0_0, 0, 8;
    %pushi/vec4 60, 0, 8;
    %store/vec4 v0x63cffeb4c1c0_0, 0, 8;
    %fork TD_tb_font_rom.check_addr, S_0x63cffeb215e0;
    %join;
    %vpi_call 2 48 "$display", "-- D\303\255gito 1 --" {0 0 0};
    %pushi/vec4 16, 0, 8;
    %store/vec4 v0x63cffeb217c0_0, 0, 8;
    %pushi/vec4 24, 0, 8;
    %store/vec4 v0x63cffeb4c1c0_0, 0, 8;
    %fork TD_tb_font_rom.check_addr, S_0x63cffeb215e0;
    %join;
    %pushi/vec4 30, 0, 8;
    %store/vec4 v0x63cffeb217c0_0, 0, 8;
    %pushi/vec4 126, 0, 8;
    %store/vec4 v0x63cffeb4c1c0_0, 0, 8;
    %fork TD_tb_font_rom.check_addr, S_0x63cffeb215e0;
    %join;
    %vpi_call 2 53 "$display", "-- D\303\255gito 5 --" {0 0 0};
    %pushi/vec4 80, 0, 8;
    %store/vec4 v0x63cffeb217c0_0, 0, 8;
    %pushi/vec4 126, 0, 8;
    %store/vec4 v0x63cffeb4c1c0_0, 0, 8;
    %fork TD_tb_font_rom.check_addr, S_0x63cffeb215e0;
    %join;
    %pushi/vec4 85, 0, 8;
    %store/vec4 v0x63cffeb217c0_0, 0, 8;
    %pushi/vec4 124, 0, 8;
    %store/vec4 v0x63cffeb4c1c0_0, 0, 8;
    %fork TD_tb_font_rom.check_addr, S_0x63cffeb215e0;
    %join;
    %vpi_call 2 58 "$display", "-- D\303\255gito 8 --" {0 0 0};
    %pushi/vec4 128, 0, 8;
    %store/vec4 v0x63cffeb217c0_0, 0, 8;
    %pushi/vec4 60, 0, 8;
    %store/vec4 v0x63cffeb4c1c0_0, 0, 8;
    %fork TD_tb_font_rom.check_addr, S_0x63cffeb215e0;
    %join;
    %pushi/vec4 133, 0, 8;
    %store/vec4 v0x63cffeb217c0_0, 0, 8;
    %pushi/vec4 60, 0, 8;
    %store/vec4 v0x63cffeb4c1c0_0, 0, 8;
    %fork TD_tb_font_rom.check_addr, S_0x63cffeb215e0;
    %join;
    %vpi_call 2 63 "$display", "-- D\303\255gito 9 --" {0 0 0};
    %pushi/vec4 144, 0, 8;
    %store/vec4 v0x63cffeb217c0_0, 0, 8;
    %pushi/vec4 60, 0, 8;
    %store/vec4 v0x63cffeb4c1c0_0, 0, 8;
    %fork TD_tb_font_rom.check_addr, S_0x63cffeb215e0;
    %join;
    %pushi/vec4 149, 0, 8;
    %store/vec4 v0x63cffeb217c0_0, 0, 8;
    %pushi/vec4 62, 0, 8;
    %store/vec4 v0x63cffeb4c1c0_0, 0, 8;
    %fork TD_tb_font_rom.check_addr, S_0x63cffeb215e0;
    %join;
    %vpi_call 2 68 "$display", "-- Car\303\241cter colon (:) --" {0 0 0};
    %pushi/vec4 163, 0, 8;
    %store/vec4 v0x63cffeb217c0_0, 0, 8;
    %pushi/vec4 24, 0, 8;
    %store/vec4 v0x63cffeb4c1c0_0, 0, 8;
    %fork TD_tb_font_rom.check_addr, S_0x63cffeb215e0;
    %join;
    %pushi/vec4 170, 0, 8;
    %store/vec4 v0x63cffeb217c0_0, 0, 8;
    %pushi/vec4 24, 0, 8;
    %store/vec4 v0x63cffeb4c1c0_0, 0, 8;
    %fork TD_tb_font_rom.check_addr, S_0x63cffeb215e0;
    %join;
    %pushi/vec4 160, 0, 8;
    %store/vec4 v0x63cffeb217c0_0, 0, 8;
    %pushi/vec4 0, 0, 8;
    %store/vec4 v0x63cffeb4c1c0_0, 0, 8;
    %fork TD_tb_font_rom.check_addr, S_0x63cffeb215e0;
    %join;
    %vpi_call 2 74 "$display", "-- Direcci\303\263n inv\303\241lida --" {0 0 0};
    %pushi/vec4 255, 0, 8;
    %store/vec4 v0x63cffeb217c0_0, 0, 8;
    %pushi/vec4 0, 0, 8;
    %store/vec4 v0x63cffeb4c1c0_0, 0, 8;
    %fork TD_tb_font_rom.check_addr, S_0x63cffeb215e0;
    %join;
    %pushi/vec4 176, 0, 8;
    %store/vec4 v0x63cffeb217c0_0, 0, 8;
    %pushi/vec4 0, 0, 8;
    %store/vec4 v0x63cffeb4c1c0_0, 0, 8;
    %fork TD_tb_font_rom.check_addr, S_0x63cffeb215e0;
    %join;
    %vpi_call 2 78 "$display", "=== FIN TEST: font_rom ===" {0 0 0};
    %vpi_call 2 79 "$finish" {0 0 0};
    %end;
    .thread T_2;
# The file index is used to find the file name in the following table.
:file_names 4;
    "N/A";
    "<interactive>";
    "tb_font_rom.v";
    "../rtl/font_rom.v";
