#! /usr/bin/vvp
:ivl_version "12.0 (stable)";
:ivl_delay_selection "TYPICAL";
:vpi_time_precision - 12;
:vpi_module "/usr/lib/x86_64-linux-gnu/ivl/system.vpi";
:vpi_module "/usr/lib/x86_64-linux-gnu/ivl/vhdl_sys.vpi";
:vpi_module "/usr/lib/x86_64-linux-gnu/ivl/vhdl_textio.vpi";
:vpi_module "/usr/lib/x86_64-linux-gnu/ivl/v2005_math.vpi";
:vpi_module "/usr/lib/x86_64-linux-gnu/ivl/va_math.vpi";
S_0x5f00500714e0 .scope module, "tb_vram" "tb_vram" 2 9;
 .timescale -9 -12;
v0x5f00500e2a70_0 .var "addr_a", 18 0;
v0x5f00500e2b50_0 .var "addr_b", 18 0;
v0x5f00500e2bf0_0 .var "clk", 0 0;
v0x5f00500e2c90_0 .var "data_in", 11 0;
v0x5f00500e2d60_0 .net "data_out", 11 0, v0x5f0050098700_0;  1 drivers
v0x5f00500e2e50_0 .var "we_a", 0 0;
S_0x5f0050071670 .scope task, "read_mem" "read_mem" 2 50, 2 50 0, S_0x5f00500714e0;
 .timescale -9 -12;
v0x5f00500a2b30_0 .var "addr", 18 0;
E_0x5f00500ad8a0 .event posedge, v0x5f00500997e0_0;
TD_tb_vram.read_mem ;
    %load/vec4 v0x5f00500a2b30_0;
    %store/vec4 v0x5f00500e2b50_0, 0, 19;
    %wait E_0x5f00500ad8a0;
    %wait E_0x5f00500ad8a0;
    %end;
S_0x5f00500d2060 .scope module, "uut" "vram" 2 22, 3 22 0, S_0x5f00500714e0;
 .timescale -9 -12;
    .port_info 0 /INPUT 1 "clk";
    .port_info 1 /INPUT 1 "we_a";
    .port_info 2 /INPUT 19 "addr_a";
    .port_info 3 /INPUT 12 "data_in";
    .port_info 4 /INPUT 19 "addr_b";
    .port_info 5 /OUTPUT 12 "data_out";
v0x5f0050098bd0_0 .net "addr_a", 18 0, v0x5f00500e2a70_0;  1 drivers
v0x5f0050099120_0 .net "addr_b", 18 0, v0x5f00500e2b50_0;  1 drivers
v0x5f00500997e0_0 .net "clk", 0 0, v0x5f00500e2bf0_0;  1 drivers
v0x5f0050099c40_0 .net "data_in", 11 0, v0x5f00500e2c90_0;  1 drivers
v0x5f0050098700_0 .var "data_out", 11 0;
v0x5f00500d23b0 .array "mem", 307199 0, 11 0;
v0x5f00500e2550_0 .net "we_a", 0 0, v0x5f00500e2e50_0;  1 drivers
S_0x5f00500e26d0 .scope task, "write_mem" "write_mem" 2 36, 2 36 0, S_0x5f00500714e0;
 .timescale -9 -12;
v0x5f00500e28b0_0 .var "addr", 18 0;
v0x5f00500e2990_0 .var "data", 11 0;
TD_tb_vram.write_mem ;
    %wait E_0x5f00500ad8a0;
    %pushi/vec4 1, 0, 1;
    %store/vec4 v0x5f00500e2e50_0, 0, 1;
    %load/vec4 v0x5f00500e28b0_0;
    %store/vec4 v0x5f00500e2a70_0, 0, 19;
    %load/vec4 v0x5f00500e2990_0;
    %store/vec4 v0x5f00500e2c90_0, 0, 12;
    %wait E_0x5f00500ad8a0;
    %pushi/vec4 0, 0, 1;
    %store/vec4 v0x5f00500e2e50_0, 0, 1;
    %end;
    .scope S_0x5f00500d2060;
T_2 ;
    %wait E_0x5f00500ad8a0;
    %load/vec4 v0x5f00500e2550_0;
    %flag_set/vec4 8;
    %jmp/0xz  T_2.0, 8;
    %load/vec4 v0x5f0050099c40_0;
    %load/vec4 v0x5f0050098bd0_0;
    %pad/u 20;
    %ix/vec4 3;
    %ix/load 4, 0, 0; Constant delay
    %assign/vec4/a/d v0x5f00500d23b0, 0, 4;
T_2.0 ;
    %jmp T_2;
    .thread T_2;
    .scope S_0x5f00500d2060;
T_3 ;
    %wait E_0x5f00500ad8a0;
    %load/vec4 v0x5f0050099120_0;
    %pad/u 20;
    %ix/vec4 4;
    %load/vec4a v0x5f00500d23b0, 4;
    %assign/vec4 v0x5f0050098700_0, 0;
    %jmp T_3;
    .thread T_3;
    .scope S_0x5f00500714e0;
T_4 ;
    %pushi/vec4 0, 0, 1;
    %store/vec4 v0x5f00500e2bf0_0, 0, 1;
    %end;
    .thread T_4;
    .scope S_0x5f00500714e0;
T_5 ;
    %delay 5000, 0;
    %load/vec4 v0x5f00500e2bf0_0;
    %inv;
    %store/vec4 v0x5f00500e2bf0_0, 0, 1;
    %jmp T_5;
    .thread T_5;
    .scope S_0x5f00500714e0;
T_6 ;
    %vpi_call 2 61 "$display", "=== TEST: vram (BRAM doble puerto) ===" {0 0 0};
    %pushi/vec4 0, 0, 1;
    %store/vec4 v0x5f00500e2e50_0, 0, 1;
    %pushi/vec4 0, 0, 19;
    %store/vec4 v0x5f00500e2a70_0, 0, 19;
    %pushi/vec4 0, 0, 12;
    %store/vec4 v0x5f00500e2c90_0, 0, 12;
    %pushi/vec4 0, 0, 19;
    %store/vec4 v0x5f00500e2b50_0, 0, 19;
    %pushi/vec4 5, 0, 32;
T_6.0 %dup/vec4;
    %pushi/vec4 0, 0, 32;
    %cmp/s;
    %jmp/1xz T_6.1, 5;
    %jmp/1 T_6.1, 4;
    %pushi/vec4 1, 0, 32;
    %sub;
    %wait E_0x5f00500ad8a0;
    %jmp T_6.0;
T_6.1 ;
    %pop/vec4 1;
    %vpi_call 2 70 "$display", "[%0t] Test 1: Escritura y lectura en addr=0", $time {0 0 0};
    %pushi/vec4 0, 0, 19;
    %store/vec4 v0x5f00500e28b0_0, 0, 19;
    %pushi/vec4 4095, 0, 12;
    %store/vec4 v0x5f00500e2990_0, 0, 12;
    %fork TD_tb_vram.write_mem, S_0x5f00500e26d0;
    %join;
    %pushi/vec4 0, 0, 19;
    %store/vec4 v0x5f00500a2b30_0, 0, 19;
    %fork TD_tb_vram.read_mem, S_0x5f0050071670;
    %join;
    %load/vec4 v0x5f00500e2d60_0;
    %cmpi/e 4095, 0, 12;
    %jmp/0xz  T_6.2, 6;
    %vpi_call 2 74 "$display", "PASS: Lectura addr=0 \342\206\222 data=0xFFF" {0 0 0};
    %jmp T_6.3;
T_6.2 ;
    %vpi_call 2 76 "$display", "FAIL: Lectura addr=0 \342\206\222 data=0x%03X (esperado 0xFFF)", v0x5f00500e2d60_0 {0 0 0};
T_6.3 ;
    %vpi_call 2 79 "$display", "[%0t] Test 2: Escritura y lectura en addr=100", $time {0 0 0};
    %pushi/vec4 100, 0, 19;
    %store/vec4 v0x5f00500e28b0_0, 0, 19;
    %pushi/vec4 2652, 0, 12;
    %store/vec4 v0x5f00500e2990_0, 0, 12;
    %fork TD_tb_vram.write_mem, S_0x5f00500e26d0;
    %join;
    %pushi/vec4 100, 0, 19;
    %store/vec4 v0x5f00500a2b30_0, 0, 19;
    %fork TD_tb_vram.read_mem, S_0x5f0050071670;
    %join;
    %load/vec4 v0x5f00500e2d60_0;
    %cmpi/e 2652, 0, 12;
    %jmp/0xz  T_6.4, 6;
    %vpi_call 2 83 "$display", "PASS: Lectura addr=100 \342\206\222 data=0xA5C" {0 0 0};
    %jmp T_6.5;
T_6.4 ;
    %vpi_call 2 85 "$display", "FAIL: Lectura addr=100 \342\206\222 data=0x%03X (esperado 0xA5C)", v0x5f00500e2d60_0 {0 0 0};
T_6.5 ;
    %vpi_call 2 88 "$display", "[%0t] Test 3: Escritura en addr=307199 (\303\272ltimo p\303\255xel)", $time {0 0 0};
    %pushi/vec4 307199, 0, 19;
    %store/vec4 v0x5f00500e28b0_0, 0, 19;
    %pushi/vec4 291, 0, 12;
    %store/vec4 v0x5f00500e2990_0, 0, 12;
    %fork TD_tb_vram.write_mem, S_0x5f00500e26d0;
    %join;
    %pushi/vec4 307199, 0, 19;
    %store/vec4 v0x5f00500a2b30_0, 0, 19;
    %fork TD_tb_vram.read_mem, S_0x5f0050071670;
    %join;
    %load/vec4 v0x5f00500e2d60_0;
    %cmpi/e 291, 0, 12;
    %jmp/0xz  T_6.6, 6;
    %vpi_call 2 92 "$display", "PASS: Lectura addr=307199 \342\206\222 data=0x123" {0 0 0};
    %jmp T_6.7;
T_6.6 ;
    %vpi_call 2 94 "$display", "FAIL: Lectura addr=307199 \342\206\222 data=0x%03X (esperado 0x123)", v0x5f00500e2d60_0 {0 0 0};
T_6.7 ;
    %vpi_call 2 97 "$display", "[%0t] Test 4: we_a=0 no debe sobreescribir", $time {0 0 0};
    %pushi/vec4 0, 0, 19;
    %store/vec4 v0x5f00500a2b30_0, 0, 19;
    %fork TD_tb_vram.read_mem, S_0x5f0050071670;
    %join;
    %pushi/vec4 0, 0, 1;
    %store/vec4 v0x5f00500e2e50_0, 0, 1;
    %pushi/vec4 0, 0, 19;
    %store/vec4 v0x5f00500e2a70_0, 0, 19;
    %pushi/vec4 0, 0, 12;
    %store/vec4 v0x5f00500e2c90_0, 0, 12;
    %wait E_0x5f00500ad8a0;
    %pushi/vec4 0, 0, 19;
    %store/vec4 v0x5f00500a2b30_0, 0, 19;
    %fork TD_tb_vram.read_mem, S_0x5f0050071670;
    %join;
    %load/vec4 v0x5f00500e2d60_0;
    %cmpi/e 4095, 0, 12;
    %jmp/0xz  T_6.8, 6;
    %vpi_call 2 105 "$display", "PASS: Dato preservado sin we_a" {0 0 0};
    %jmp T_6.9;
T_6.8 ;
    %vpi_call 2 107 "$display", "FAIL: Dato sobreescrito sin we_a (data=0x%03X)", v0x5f00500e2d60_0 {0 0 0};
T_6.9 ;
    %vpi_call 2 110 "$display", "[%0t] Test 5: Escritura en addr=50, lectura en addr=100 simult\303\241neo", $time {0 0 0};
    %pushi/vec4 50, 0, 19;
    %store/vec4 v0x5f00500e28b0_0, 0, 19;
    %pushi/vec4 3003, 0, 12;
    %store/vec4 v0x5f00500e2990_0, 0, 12;
    %fork TD_tb_vram.write_mem, S_0x5f00500e26d0;
    %join;
    %pushi/vec4 100, 0, 19;
    %store/vec4 v0x5f00500e2b50_0, 0, 19;
    %wait E_0x5f00500ad8a0;
    %wait E_0x5f00500ad8a0;
    %load/vec4 v0x5f00500e2d60_0;
    %cmpi/e 2652, 0, 12;
    %jmp/0xz  T_6.10, 6;
    %vpi_call 2 116 "$display", "PASS: Puerto B lee addr=100 independientemente" {0 0 0};
    %jmp T_6.11;
T_6.10 ;
    %vpi_call 2 118 "$display", "FAIL: Puerto B interferido (data=0x%03X)", v0x5f00500e2d60_0 {0 0 0};
T_6.11 ;
    %vpi_call 2 120 "$display", "=== FIN TEST: vram ===" {0 0 0};
    %vpi_call 2 121 "$finish" {0 0 0};
    %end;
    .thread T_6;
# The file index is used to find the file name in the following table.
:file_names 4;
    "N/A";
    "<interactive>";
    "tb_vram.v";
    "../rtl/BRAM.v";
