#! /usr/bin/vvp
:ivl_version "12.0 (stable)";
:ivl_delay_selection "TYPICAL";
:vpi_time_precision - 12;
:vpi_module "/usr/lib/x86_64-linux-gnu/ivl/system.vpi";
:vpi_module "/usr/lib/x86_64-linux-gnu/ivl/vhdl_sys.vpi";
:vpi_module "/usr/lib/x86_64-linux-gnu/ivl/vhdl_textio.vpi";
:vpi_module "/usr/lib/x86_64-linux-gnu/ivl/v2005_math.vpi";
:vpi_module "/usr/lib/x86_64-linux-gnu/ivl/va_math.vpi";
S_0x59ff57efa4f0 .scope module, "tb_vga_sync" "tb_vga_sync" 2 3;
 .timescale -9 -12;
v0x59ff57f67210_0 .var "clk", 0 0;
v0x59ff57f672d0_0 .var "clk_25_en", 0 0;
v0x59ff57f67370_0 .var/i "cnt_25", 31 0;
v0x59ff57f67410_0 .net "hcount", 9 0, v0x59ff57f66c50_0;  1 drivers
v0x59ff57f674e0_0 .net "hsync", 0 0, v0x59ff57f66d30_0;  1 drivers
v0x59ff57f67580_0 .var/i "hsync_fail", 31 0;
v0x59ff57f67620_0 .var "rst", 0 0;
v0x59ff57f676f0_0 .net "vcount", 9 0, v0x59ff57f66eb0_0;  1 drivers
v0x59ff57f677c0_0 .net "video_en", 0 0, L_0x59ff57f2cdf0;  1 drivers
v0x59ff57f67920_0 .net "vsync", 0 0, v0x59ff57f67050_0;  1 drivers
v0x59ff57f679f0_0 .var/i "vsync_fail", 31 0;
E_0x59ff57f3b910 .event posedge, v0x59ff57f66ad0_0;
E_0x59ff57f3be60 .event anyedge, v0x59ff57f66eb0_0;
E_0x59ff57f3bc90 .event anyedge, v0x59ff57f66c50_0;
E_0x59ff57f3f890 .event anyedge, v0x59ff57f66c50_0, v0x59ff57f66eb0_0;
S_0x59ff57efa680 .scope module, "uut" "vga_sync" 2 15, 3 23 0, S_0x59ff57efa4f0;
 .timescale -9 -12;
    .port_info 0 /INPUT 1 "clk";
    .port_info 1 /INPUT 1 "rst";
    .port_info 2 /INPUT 1 "clk_25_en";
    .port_info 3 /OUTPUT 10 "hcount";
    .port_info 4 /OUTPUT 10 "vcount";
    .port_info 5 /OUTPUT 1 "hsync";
    .port_info 6 /OUTPUT 1 "vsync";
    .port_info 7 /OUTPUT 1 "video_en";
P_0x59ff57f298f0 .param/l "H_BP" 1 3 38, +C4<00000000000000000000000000110000>;
P_0x59ff57f29930 .param/l "H_FP" 1 3 36, +C4<00000000000000000000000000010000>;
P_0x59ff57f29970 .param/l "H_SYNC" 1 3 37, +C4<00000000000000000000000001100000>;
P_0x59ff57f299b0 .param/l "H_TOTAL" 1 3 39, +C4<00000000000000000000001100100000>;
P_0x59ff57f299f0 .param/l "H_VISIBLE" 1 3 35, +C4<00000000000000000000001010000000>;
P_0x59ff57f29a30 .param/l "V_BP" 1 3 44, +C4<00000000000000000000000000100001>;
P_0x59ff57f29a70 .param/l "V_FP" 1 3 42, +C4<00000000000000000000000000001010>;
P_0x59ff57f29ab0 .param/l "V_SYNC" 1 3 43, +C4<00000000000000000000000000000010>;
P_0x59ff57f29af0 .param/l "V_TOTAL" 1 3 45, +C4<00000000000000000000001000001101>;
P_0x59ff57f29b30 .param/l "V_VISIBLE" 1 3 41, +C4<00000000000000000000000111100000>;
L_0x59ff57f2cdf0 .functor AND 1, L_0x59ff57f77c10, L_0x59ff57f77ec0, C4<1>, C4<1>;
v0x59ff57f2e670_0 .net *"_ivl_0", 31 0, L_0x59ff57f67a90;  1 drivers
L_0x7e4a615290a8 .functor BUFT 1, C4<0000000000000000000000>, C4<0>, C4<0>, C4<0>;
v0x59ff57f2f680_0 .net *"_ivl_11", 21 0, L_0x7e4a615290a8;  1 drivers
L_0x7e4a615290f0 .functor BUFT 1, C4<00000000000000000000000111100000>, C4<0>, C4<0>, C4<0>;
v0x59ff57f31180_0 .net/2u *"_ivl_12", 31 0, L_0x7e4a615290f0;  1 drivers
v0x59ff57f258e0_0 .net *"_ivl_14", 0 0, L_0x59ff57f77ec0;  1 drivers
L_0x7e4a61529018 .functor BUFT 1, C4<0000000000000000000000>, C4<0>, C4<0>, C4<0>;
v0x59ff57f259b0_0 .net *"_ivl_3", 21 0, L_0x7e4a61529018;  1 drivers
L_0x7e4a61529060 .functor BUFT 1, C4<00000000000000000000001010000000>, C4<0>, C4<0>, C4<0>;
v0x59ff57f26600_0 .net/2u *"_ivl_4", 31 0, L_0x7e4a61529060;  1 drivers
v0x59ff57f266d0_0 .net *"_ivl_6", 0 0, L_0x59ff57f77c10;  1 drivers
v0x59ff57f669f0_0 .net *"_ivl_8", 31 0, L_0x59ff57f77d80;  1 drivers
v0x59ff57f66ad0_0 .net "clk", 0 0, v0x59ff57f67210_0;  1 drivers
v0x59ff57f66b90_0 .net "clk_25_en", 0 0, v0x59ff57f672d0_0;  1 drivers
v0x59ff57f66c50_0 .var "hcount", 9 0;
v0x59ff57f66d30_0 .var "hsync", 0 0;
v0x59ff57f66df0_0 .net "rst", 0 0, v0x59ff57f67620_0;  1 drivers
v0x59ff57f66eb0_0 .var "vcount", 9 0;
v0x59ff57f66f90_0 .net "video_en", 0 0, L_0x59ff57f2cdf0;  alias, 1 drivers
v0x59ff57f67050_0 .var "vsync", 0 0;
E_0x59ff57f1e210 .event posedge, v0x59ff57f66df0_0, v0x59ff57f66ad0_0;
L_0x59ff57f67a90 .concat [ 10 22 0 0], v0x59ff57f66c50_0, L_0x7e4a61529018;
L_0x59ff57f77c10 .cmp/gt 32, L_0x7e4a61529060, L_0x59ff57f67a90;
L_0x59ff57f77d80 .concat [ 10 22 0 0], v0x59ff57f66eb0_0, L_0x7e4a615290a8;
L_0x59ff57f77ec0 .cmp/gt 32, L_0x7e4a615290f0, L_0x59ff57f77d80;
    .scope S_0x59ff57efa680;
T_0 ;
    %wait E_0x59ff57f1e210;
    %load/vec4 v0x59ff57f66df0_0;
    %flag_set/vec4 8;
    %jmp/0xz  T_0.0, 8;
    %pushi/vec4 0, 0, 10;
    %assign/vec4 v0x59ff57f66c50_0, 0;
    %pushi/vec4 0, 0, 10;
    %assign/vec4 v0x59ff57f66eb0_0, 0;
    %jmp T_0.1;
T_0.0 ;
    %load/vec4 v0x59ff57f66b90_0;
    %flag_set/vec4 8;
    %jmp/0xz  T_0.2, 8;
    %load/vec4 v0x59ff57f66c50_0;
    %pad/u 32;
    %cmpi/e 799, 0, 32;
    %jmp/0xz  T_0.4, 4;
    %pushi/vec4 0, 0, 10;
    %assign/vec4 v0x59ff57f66c50_0, 0;
    %load/vec4 v0x59ff57f66eb0_0;
    %pad/u 32;
    %cmpi/e 524, 0, 32;
    %jmp/0xz  T_0.6, 4;
    %pushi/vec4 0, 0, 10;
    %assign/vec4 v0x59ff57f66eb0_0, 0;
    %jmp T_0.7;
T_0.6 ;
    %load/vec4 v0x59ff57f66eb0_0;
    %addi 1, 0, 10;
    %assign/vec4 v0x59ff57f66eb0_0, 0;
T_0.7 ;
    %jmp T_0.5;
T_0.4 ;
    %load/vec4 v0x59ff57f66c50_0;
    %addi 1, 0, 10;
    %assign/vec4 v0x59ff57f66c50_0, 0;
T_0.5 ;
T_0.2 ;
T_0.1 ;
    %jmp T_0;
    .thread T_0;
    .scope S_0x59ff57efa680;
T_1 ;
    %wait E_0x59ff57f1e210;
    %load/vec4 v0x59ff57f66df0_0;
    %flag_set/vec4 8;
    %jmp/0xz  T_1.0, 8;
    %pushi/vec4 1, 0, 1;
    %assign/vec4 v0x59ff57f66d30_0, 0;
    %jmp T_1.1;
T_1.0 ;
    %load/vec4 v0x59ff57f66b90_0;
    %flag_set/vec4 8;
    %jmp/0xz  T_1.2, 8;
    %load/vec4 v0x59ff57f66c50_0;
    %pad/u 32;
    %cmpi/u 656, 0, 32;
    %flag_inv 5; GE is !LT
    %flag_get/vec4 5;
    %jmp/0 T_1.6, 5;
    %load/vec4 v0x59ff57f66c50_0;
    %pad/u 32;
    %cmpi/u 752, 0, 32;
    %flag_get/vec4 5;
    %and;
T_1.6;
    %flag_set/vec4 8;
    %jmp/0xz  T_1.4, 8;
    %pushi/vec4 0, 0, 1;
    %assign/vec4 v0x59ff57f66d30_0, 0;
    %jmp T_1.5;
T_1.4 ;
    %pushi/vec4 1, 0, 1;
    %assign/vec4 v0x59ff57f66d30_0, 0;
T_1.5 ;
T_1.2 ;
T_1.1 ;
    %jmp T_1;
    .thread T_1;
    .scope S_0x59ff57efa680;
T_2 ;
    %wait E_0x59ff57f1e210;
    %load/vec4 v0x59ff57f66df0_0;
    %flag_set/vec4 8;
    %jmp/0xz  T_2.0, 8;
    %pushi/vec4 1, 0, 1;
    %assign/vec4 v0x59ff57f67050_0, 0;
    %jmp T_2.1;
T_2.0 ;
    %load/vec4 v0x59ff57f66b90_0;
    %flag_set/vec4 8;
    %jmp/0xz  T_2.2, 8;
    %load/vec4 v0x59ff57f66eb0_0;
    %pad/u 32;
    %cmpi/u 490, 0, 32;
    %flag_inv 5; GE is !LT
    %flag_get/vec4 5;
    %jmp/0 T_2.6, 5;
    %load/vec4 v0x59ff57f66eb0_0;
    %pad/u 32;
    %cmpi/u 492, 0, 32;
    %flag_get/vec4 5;
    %and;
T_2.6;
    %flag_set/vec4 8;
    %jmp/0xz  T_2.4, 8;
    %pushi/vec4 0, 0, 1;
    %assign/vec4 v0x59ff57f67050_0, 0;
    %jmp T_2.5;
T_2.4 ;
    %pushi/vec4 1, 0, 1;
    %assign/vec4 v0x59ff57f67050_0, 0;
T_2.5 ;
T_2.2 ;
T_2.1 ;
    %jmp T_2;
    .thread T_2;
    .scope S_0x59ff57efa4f0;
T_3 ;
    %pushi/vec4 0, 0, 1;
    %store/vec4 v0x59ff57f67210_0, 0, 1;
    %end;
    .thread T_3;
    .scope S_0x59ff57efa4f0;
T_4 ;
    %delay 5000, 0;
    %load/vec4 v0x59ff57f67210_0;
    %inv;
    %store/vec4 v0x59ff57f67210_0, 0, 1;
    %jmp T_4;
    .thread T_4;
    .scope S_0x59ff57efa4f0;
T_5 ;
    %pushi/vec4 0, 0, 32;
    %store/vec4 v0x59ff57f67370_0, 0, 32;
    %pushi/vec4 0, 0, 1;
    %store/vec4 v0x59ff57f672d0_0, 0, 1;
    %end;
    .thread T_5;
    .scope S_0x59ff57efa4f0;
T_6 ;
    %wait E_0x59ff57f3b910;
    %load/vec4 v0x59ff57f67620_0;
    %flag_set/vec4 8;
    %jmp/0xz  T_6.0, 8;
    %pushi/vec4 0, 0, 32;
    %assign/vec4 v0x59ff57f67370_0, 0;
    %pushi/vec4 0, 0, 1;
    %assign/vec4 v0x59ff57f672d0_0, 0;
    %jmp T_6.1;
T_6.0 ;
    %load/vec4 v0x59ff57f67370_0;
    %cmpi/e 3, 0, 32;
    %jmp/0xz  T_6.2, 4;
    %pushi/vec4 0, 0, 32;
    %assign/vec4 v0x59ff57f67370_0, 0;
    %pushi/vec4 1, 0, 1;
    %assign/vec4 v0x59ff57f672d0_0, 0;
    %jmp T_6.3;
T_6.2 ;
    %load/vec4 v0x59ff57f67370_0;
    %addi 1, 0, 32;
    %assign/vec4 v0x59ff57f67370_0, 0;
    %pushi/vec4 0, 0, 1;
    %assign/vec4 v0x59ff57f672d0_0, 0;
T_6.3 ;
T_6.1 ;
    %jmp T_6;
    .thread T_6;
    .scope S_0x59ff57efa4f0;
T_7 ;
    %vpi_call 2 54 "$display", "=== TEST: vga_sync ===" {0 0 0};
    %pushi/vec4 1, 0, 1;
    %store/vec4 v0x59ff57f67620_0, 0, 1;
    %pushi/vec4 0, 0, 32;
    %store/vec4 v0x59ff57f67580_0, 0, 32;
    %pushi/vec4 0, 0, 32;
    %store/vec4 v0x59ff57f679f0_0, 0, 32;
    %pushi/vec4 10, 0, 32;
T_7.0 %dup/vec4;
    %pushi/vec4 0, 0, 32;
    %cmp/s;
    %jmp/1xz T_7.1, 5;
    %jmp/1 T_7.1, 4;
    %pushi/vec4 1, 0, 32;
    %sub;
    %wait E_0x59ff57f3b910;
    %jmp T_7.0;
T_7.1 ;
    %pop/vec4 1;
    %pushi/vec4 0, 0, 1;
    %store/vec4 v0x59ff57f67620_0, 0, 1;
    %vpi_call 2 61 "$display", "[%0t] Reset liberado", $time {0 0 0};
    %pushi/vec4 3360000, 0, 32;
T_7.2 %dup/vec4;
    %pushi/vec4 0, 0, 32;
    %cmp/s;
    %jmp/1xz T_7.3, 5;
    %jmp/1 T_7.3, 4;
    %pushi/vec4 1, 0, 32;
    %sub;
    %wait E_0x59ff57f3b910;
    %jmp T_7.2;
T_7.3 ;
    %pop/vec4 1;
T_7.4 ;
    %load/vec4 v0x59ff57f67410_0;
    %pad/u 32;
    %cmpi/e 10, 0, 32;
    %flag_get/vec4 4;
    %jmp/0 T_7.6, 4;
    %load/vec4 v0x59ff57f676f0_0;
    %pad/u 32;
    %pushi/vec4 10, 0, 32;
    %cmp/e;
    %flag_get/vec4 4;
    %and;
T_7.6;
    %cmpi/ne 1, 0, 1;
    %jmp/0xz T_7.5, 6;
    %wait E_0x59ff57f3f890;
    %jmp T_7.4;
T_7.5 ;
    %wait E_0x59ff57f3b910;
    %load/vec4 v0x59ff57f677c0_0;
    %cmpi/e 1, 0, 1;
    %jmp/0xz  T_7.7, 6;
    %vpi_call 2 70 "$display", "PASS: video_en=1 en zona visible (hcount=%0d vcount=%0d)", v0x59ff57f67410_0, v0x59ff57f676f0_0 {0 0 0};
    %jmp T_7.8;
T_7.7 ;
    %vpi_call 2 72 "$display", "FAIL: video_en=0 en zona visible" {0 0 0};
T_7.8 ;
T_7.9 ;
    %load/vec4 v0x59ff57f67410_0;
    %pad/u 32;
    %pushi/vec4 700, 0, 32;
    %cmp/e;
    %flag_get/vec4 4;
    %cmpi/ne 1, 0, 1;
    %jmp/0xz T_7.10, 6;
    %wait E_0x59ff57f3bc90;
    %jmp T_7.9;
T_7.10 ;
    %wait E_0x59ff57f3b910;
    %load/vec4 v0x59ff57f677c0_0;
    %cmpi/e 0, 0, 1;
    %jmp/0xz  T_7.11, 6;
    %vpi_call 2 78 "$display", "PASS: video_en=0 fuera de zona visible (hcount=%0d)", v0x59ff57f67410_0 {0 0 0};
    %jmp T_7.12;
T_7.11 ;
    %vpi_call 2 80 "$display", "FAIL: video_en=1 fuera de zona visible" {0 0 0};
T_7.12 ;
T_7.13 ;
    %load/vec4 v0x59ff57f67410_0;
    %pad/u 32;
    %cmpi/u 656, 0, 32;
    %flag_inv 5; GE is !LT
    %flag_get/vec4 5;
    %jmp/0 T_7.15, 5;
    %load/vec4 v0x59ff57f67410_0;
    %pad/u 32;
    %cmpi/u 752, 0, 32;
    %flag_get/vec4 5;
    %and;
T_7.15;
    %cmpi/ne 1, 0, 1;
    %jmp/0xz T_7.14, 6;
    %wait E_0x59ff57f3bc90;
    %jmp T_7.13;
T_7.14 ;
    %pushi/vec4 2, 0, 32;
T_7.16 %dup/vec4;
    %pushi/vec4 0, 0, 32;
    %cmp/s;
    %jmp/1xz T_7.17, 5;
    %jmp/1 T_7.17, 4;
    %pushi/vec4 1, 0, 32;
    %sub;
    %wait E_0x59ff57f3b910;
    %jmp T_7.16;
T_7.17 ;
    %pop/vec4 1;
    %load/vec4 v0x59ff57f674e0_0;
    %cmpi/e 0, 0, 1;
    %jmp/0xz  T_7.18, 6;
    %vpi_call 2 86 "$display", "PASS: hsync=0 en zona de sync (hcount=%0d)", v0x59ff57f67410_0 {0 0 0};
    %jmp T_7.19;
T_7.18 ;
    %vpi_call 2 88 "$display", "FAIL: hsync=%b en zona de sync (hcount=%0d)", v0x59ff57f674e0_0, v0x59ff57f67410_0 {0 0 0};
T_7.19 ;
T_7.20 ;
    %load/vec4 v0x59ff57f67410_0;
    %pad/u 32;
    %cmpi/u 656, 0, 32;
    %flag_get/vec4 5;
    %cmpi/ne 1, 0, 1;
    %jmp/0xz T_7.21, 6;
    %wait E_0x59ff57f3bc90;
    %jmp T_7.20;
T_7.21 ;
    %wait E_0x59ff57f3b910;
    %load/vec4 v0x59ff57f674e0_0;
    %cmpi/e 1, 0, 1;
    %jmp/0xz  T_7.22, 6;
    %vpi_call 2 94 "$display", "PASS: hsync=1 fuera de zona sync (hcount=%0d)", v0x59ff57f67410_0 {0 0 0};
    %jmp T_7.23;
T_7.22 ;
    %vpi_call 2 96 "$display", "FAIL: hsync=%b fuera de zona sync", v0x59ff57f674e0_0 {0 0 0};
T_7.23 ;
T_7.24 ;
    %load/vec4 v0x59ff57f676f0_0;
    %pad/u 32;
    %pushi/vec4 491, 0, 32;
    %cmp/e;
    %flag_get/vec4 4;
    %cmpi/ne 1, 0, 1;
    %jmp/0xz T_7.25, 6;
    %wait E_0x59ff57f3be60;
    %jmp T_7.24;
T_7.25 ;
    %pushi/vec4 2, 0, 32;
T_7.26 %dup/vec4;
    %pushi/vec4 0, 0, 32;
    %cmp/s;
    %jmp/1xz T_7.27, 5;
    %jmp/1 T_7.27, 4;
    %pushi/vec4 1, 0, 32;
    %sub;
    %wait E_0x59ff57f3b910;
    %jmp T_7.26;
T_7.27 ;
    %pop/vec4 1;
    %load/vec4 v0x59ff57f67920_0;
    %cmpi/e 0, 0, 1;
    %jmp/0xz  T_7.28, 6;
    %vpi_call 2 102 "$display", "PASS: vsync=0 en zona de sync vertical (vcount=%0d)", v0x59ff57f676f0_0 {0 0 0};
    %jmp T_7.29;
T_7.28 ;
    %vpi_call 2 104 "$display", "FAIL: vsync=%b en zona sync vertical (vcount=%0d)", v0x59ff57f67920_0, v0x59ff57f676f0_0 {0 0 0};
T_7.29 ;
    %pushi/vec4 1, 0, 1;
    %store/vec4 v0x59ff57f67620_0, 0, 1;
    %pushi/vec4 5, 0, 32;
T_7.30 %dup/vec4;
    %pushi/vec4 0, 0, 32;
    %cmp/s;
    %jmp/1xz T_7.31, 5;
    %jmp/1 T_7.31, 4;
    %pushi/vec4 1, 0, 32;
    %sub;
    %wait E_0x59ff57f3b910;
    %jmp T_7.30;
T_7.31 ;
    %pop/vec4 1;
    %load/vec4 v0x59ff57f67410_0;
    %pad/u 32;
    %cmpi/e 0, 0, 32;
    %flag_get/vec4 6;
    %jmp/0 T_7.34, 6;
    %load/vec4 v0x59ff57f676f0_0;
    %pad/u 32;
    %pushi/vec4 0, 0, 32;
    %cmp/e;
    %flag_get/vec4 6;
    %and;
T_7.34;
    %flag_set/vec4 8;
    %jmp/0xz  T_7.32, 8;
    %vpi_call 2 110 "$display", "PASS: Reset pone hcount=0 vcount=0" {0 0 0};
    %jmp T_7.33;
T_7.32 ;
    %vpi_call 2 112 "$display", "FAIL: hcount=%0d vcount=%0d tras reset", v0x59ff57f67410_0, v0x59ff57f676f0_0 {0 0 0};
T_7.33 ;
    %vpi_call 2 114 "$display", "=== FIN TEST: vga_sync ===" {0 0 0};
    %vpi_call 2 115 "$finish" {0 0 0};
    %end;
    .thread T_7;
# The file index is used to find the file name in the following table.
:file_names 4;
    "N/A";
    "<interactive>";
    "tb_vga_sync.v";
    "../rtl/vga_sync.v";
